/u/s/i/sinclair/courses/cs552/spring2022/handouts/testprograms/public/rand_simple/t_1_add.asm SUCCESS CPI:3.5 CYCLES:117 ICOUNT:33 IHITRATE: 0 DHITRATE: 0
/u/s/i/sinclair/courses/cs552/spring2022/handouts/testprograms/public/rand_simple/t_1_addi.asm SUCCESS CPI:3.5 CYCLES:115 ICOUNT:33 IHITRATE: 0 DHITRATE: 0
/u/s/i/sinclair/courses/cs552/spring2022/handouts/testprograms/public/rand_simple/t_1_andn.asm SUCCESS CPI:3.6 CYCLES:119 ICOUNT:33 IHITRATE: 0 DHITRATE: 0
/u/s/i/sinclair/courses/cs552/spring2022/handouts/testprograms/public/rand_simple/t_1_andni.asm SUCCESS CPI:3.4 CYCLES:113 ICOUNT:33 IHITRATE: 0 DHITRATE: 0
/u/s/i/sinclair/courses/cs552/spring2022/handouts/testprograms/public/rand_simple/t_1_beqz.asm SUCCESS CPI:45.3 CYCLES:861 ICOUNT:19 IHITRATE: 0 DHITRATE: 0
/u/s/i/sinclair/courses/cs552/spring2022/handouts/testprograms/public/rand_simple/t_1_bgez.asm SUCCESS CPI:34.0 CYCLES:647 ICOUNT:19 IHITRATE: 0 DHITRATE: 0
/u/s/i/sinclair/courses/cs552/spring2022/handouts/testprograms/public/rand_simple/t_1_bltz.asm SUCCESS CPI:42.6 CYCLES:809 ICOUNT:19 IHITRATE: 0 DHITRATE: 0
/u/s/i/sinclair/courses/cs552/spring2022/handouts/testprograms/public/rand_simple/t_1_bnez.asm SUCCESS CPI:37.0 CYCLES:704 ICOUNT:19 IHITRATE: 0 DHITRATE: 0
/u/s/i/sinclair/courses/cs552/spring2022/handouts/testprograms/public/rand_simple/t_1_btr.asm SUCCESS CPI:4.7 CYCLES:155 ICOUNT:33 IHITRATE: 0 DHITRATE: 0
/u/s/i/sinclair/courses/cs552/spring2022/handouts/testprograms/public/rand_simple/t_1_j.asm SUCCESS CPI:192.1 CYCLES:194 ICOUNT:1 IHITRATE: 0 DHITRATE: 0
/u/s/i/sinclair/courses/cs552/spring2022/handouts/testprograms/public/rand_simple/t_1_jal.asm SUCCESS CPI:9.8 CYCLES:166 ICOUNT:17 IHITRATE: 0 DHITRATE: 0
/u/s/i/sinclair/courses/cs552/spring2022/handouts/testprograms/public/rand_simple/t_1_jalr.asm SUCCESS CPI:7.6 CYCLES:494 ICOUNT:65 IHITRATE: 0 DHITRATE: 0
/u/s/i/sinclair/courses/cs552/spring2022/handouts/testprograms/public/rand_simple/t_1_jr.asm SUCCESS CPI:7.8 CYCLES:508 ICOUNT:65 IHITRATE: 0 DHITRATE: 0
/u/s/i/sinclair/courses/cs552/spring2022/handouts/testprograms/public/rand_simple/t_1_lbi.asm SUCCESS CPI:3.4 CYCLES:111 ICOUNT:33 IHITRATE: 0 DHITRATE: 0
/u/s/i/sinclair/courses/cs552/spring2022/handouts/testprograms/public/rand_simple/t_1_ld.asm SUCCESS CPI:4.4 CYCLES:216 ICOUNT:49 IHITRATE: 0 DHITRATE: 0
/u/s/i/sinclair/courses/cs552/spring2022/handouts/testprograms/public/rand_simple/t_1_rol.asm SUCCESS CPI:3.5 CYCLES:115 ICOUNT:33 IHITRATE: 0 DHITRATE: 0
/u/s/i/sinclair/courses/cs552/spring2022/handouts/testprograms/public/rand_simple/t_1_roli.asm SUCCESS CPI:3.5 CYCLES:116 ICOUNT:33 IHITRATE: 0 DHITRATE: 0
/u/s/i/sinclair/courses/cs552/spring2022/handouts/testprograms/public/rand_simple/t_1_ror.asm SUCCESS CPI:3.6 CYCLES:119 ICOUNT:33 IHITRATE: 0 DHITRATE: 0
/u/s/i/sinclair/courses/cs552/spring2022/handouts/testprograms/public/rand_simple/t_1_rori.asm SUCCESS CPI:3.5 CYCLES:114 ICOUNT:33 IHITRATE: 0 DHITRATE: 0
/u/s/i/sinclair/courses/cs552/spring2022/handouts/testprograms/public/rand_simple/t_1_sco.asm SUCCESS CPI:3.5 CYCLES:116 ICOUNT:33 IHITRATE: 0 DHITRATE: 0
/u/s/i/sinclair/courses/cs552/spring2022/handouts/testprograms/public/rand_simple/t_1_seq.asm SUCCESS CPI:3.4 CYCLES:113 ICOUNT:33 IHITRATE: 0 DHITRATE: 0
/u/s/i/sinclair/courses/cs552/spring2022/handouts/testprograms/public/rand_simple/t_1_slbi.asm SUCCESS CPI:3.4 CYCLES:113 ICOUNT:33 IHITRATE: 0 DHITRATE: 0
/u/s/i/sinclair/courses/cs552/spring2022/handouts/testprograms/public/rand_simple/t_1_sle.asm SUCCESS CPI:3.5 CYCLES:116 ICOUNT:33 IHITRATE: 0 DHITRATE: 0
/u/s/i/sinclair/courses/cs552/spring2022/handouts/testprograms/public/rand_simple/t_1_sll.asm SUCCESS CPI:3.5 CYCLES:114 ICOUNT:33 IHITRATE: 0 DHITRATE: 0
/u/s/i/sinclair/courses/cs552/spring2022/handouts/testprograms/public/rand_simple/t_1_slli.asm SUCCESS CPI:3.4 CYCLES:113 ICOUNT:33 IHITRATE: 0 DHITRATE: 0
/u/s/i/sinclair/courses/cs552/spring2022/handouts/testprograms/public/rand_simple/t_1_slt.asm SUCCESS CPI:3.6 CYCLES:119 ICOUNT:33 IHITRATE: 0 DHITRATE: 0
/u/s/i/sinclair/courses/cs552/spring2022/handouts/testprograms/public/rand_simple/t_1_srl.asm SUCCESS CPI:3.5 CYCLES:117 ICOUNT:33 IHITRATE: 0 DHITRATE: 0
/u/s/i/sinclair/courses/cs552/spring2022/handouts/testprograms/public/rand_simple/t_1_srli.asm SUCCESS CPI:3.4 CYCLES:113 ICOUNT:33 IHITRATE: 0 DHITRATE: 0
/u/s/i/sinclair/courses/cs552/spring2022/handouts/testprograms/public/rand_simple/t_1_st.asm SUCCESS CPI:4.5 CYCLES:220 ICOUNT:49 IHITRATE: 0 DHITRATE: 0
/u/s/i/sinclair/courses/cs552/spring2022/handouts/testprograms/public/rand_simple/t_1_stu.asm SUCCESS CPI:3.7 CYCLES:242 ICOUNT:65 IHITRATE: 0 DHITRATE: 0
/u/s/i/sinclair/courses/cs552/spring2022/handouts/testprograms/public/rand_simple/t_1_sub.asm SUCCESS CPI:3.4 CYCLES:111 ICOUNT:33 IHITRATE: 0 DHITRATE: 0
/u/s/i/sinclair/courses/cs552/spring2022/handouts/testprograms/public/rand_simple/t_1_subi.asm SUCCESS CPI:3.5 CYCLES:116 ICOUNT:33 IHITRATE: 0 DHITRATE: 0
/u/s/i/sinclair/courses/cs552/spring2022/handouts/testprograms/public/rand_simple/t_1_xor.asm SUCCESS CPI:3.5 CYCLES:116 ICOUNT:33 IHITRATE: 0 DHITRATE: 0
/u/s/i/sinclair/courses/cs552/spring2022/handouts/testprograms/public/rand_simple/t_1_xori.asm SUCCESS CPI:3.4 CYCLES:112 ICOUNT:33 IHITRATE: 0 DHITRATE: 0
/u/s/i/sinclair/courses/cs552/spring2022/handouts/testprograms/public/rand_simple/t_2_add.asm SUCCESS CPI:3.4 CYCLES:113 ICOUNT:33 IHITRATE: 0 DHITRATE: 0
/u/s/i/sinclair/courses/cs552/spring2022/handouts/testprograms/public/rand_simple/t_2_addi.asm SUCCESS CPI:3.5 CYCLES:114 ICOUNT:33 IHITRATE: 0 DHITRATE: 0
/u/s/i/sinclair/courses/cs552/spring2022/handouts/testprograms/public/rand_simple/t_2_andn.asm SUCCESS CPI:3.5 CYCLES:116 ICOUNT:33 IHITRATE: 0 DHITRATE: 0
/u/s/i/sinclair/courses/cs552/spring2022/handouts/testprograms/public/rand_simple/t_2_andni.asm SUCCESS CPI:3.5 CYCLES:115 ICOUNT:33 IHITRATE: 0 DHITRATE: 0
/u/s/i/sinclair/courses/cs552/spring2022/handouts/testprograms/public/rand_simple/t_2_beqz.asm SUCCESS CPI:42.6 CYCLES:810 ICOUNT:19 IHITRATE: 0 DHITRATE: 0
/u/s/i/sinclair/courses/cs552/spring2022/handouts/testprograms/public/rand_simple/t_2_bgez.asm SUCCESS CPI:37.1 CYCLES:706 ICOUNT:19 IHITRATE: 0 DHITRATE: 0
/u/s/i/sinclair/courses/cs552/spring2022/handouts/testprograms/public/rand_simple/t_2_bltz.asm SUCCESS CPI:39.3 CYCLES:748 ICOUNT:19 IHITRATE: 0 DHITRATE: 0
/u/s/i/sinclair/courses/cs552/spring2022/handouts/testprograms/public/rand_simple/t_2_bnez.asm SUCCESS CPI:38.7 CYCLES:735 ICOUNT:19 IHITRATE: 0 DHITRATE: 0
/u/s/i/sinclair/courses/cs552/spring2022/handouts/testprograms/public/rand_simple/t_2_btr.asm SUCCESS CPI:4.7 CYCLES:155 ICOUNT:33 IHITRATE: 0 DHITRATE: 0
/u/s/i/sinclair/courses/cs552/spring2022/handouts/testprograms/public/rand_simple/t_2_j.asm SUCCESS CPI:185.1 CYCLES:187 ICOUNT:1 IHITRATE: 0 DHITRATE: 0
/u/s/i/sinclair/courses/cs552/spring2022/handouts/testprograms/public/rand_simple/t_2_jal.asm SUCCESS CPI:11.0 CYCLES:187 ICOUNT:17 IHITRATE: 0 DHITRATE: 0
/u/s/i/sinclair/courses/cs552/spring2022/handouts/testprograms/public/rand_simple/t_2_jalr.asm SUCCESS CPI:8.0 CYCLES:519 ICOUNT:65 IHITRATE: 0 DHITRATE: 0
/u/s/i/sinclair/courses/cs552/spring2022/handouts/testprograms/public/rand_simple/t_2_jr.asm SUCCESS CPI:7.6 CYCLES:496 ICOUNT:65 IHITRATE: 0 DHITRATE: 0
/u/s/i/sinclair/courses/cs552/spring2022/handouts/testprograms/public/rand_simple/t_2_lbi.asm SUCCESS CPI:3.4 CYCLES:111 ICOUNT:33 IHITRATE: 0 DHITRATE: 0
/u/s/i/sinclair/courses/cs552/spring2022/handouts/testprograms/public/rand_simple/t_2_ld.asm SUCCESS CPI:4.3 CYCLES:210 ICOUNT:49 IHITRATE: 0 DHITRATE: 0
/u/s/i/sinclair/courses/cs552/spring2022/handouts/testprograms/public/rand_simple/t_2_rol.asm SUCCESS CPI:3.4 CYCLES:113 ICOUNT:33 IHITRATE: 0 DHITRATE: 0
/u/s/i/sinclair/courses/cs552/spring2022/handouts/testprograms/public/rand_simple/t_2_roli.asm SUCCESS CPI:3.4 CYCLES:111 ICOUNT:33 IHITRATE: 0 DHITRATE: 0
/u/s/i/sinclair/courses/cs552/spring2022/handouts/testprograms/public/rand_simple/t_2_ror.asm SUCCESS CPI:3.5 CYCLES:117 ICOUNT:33 IHITRATE: 0 DHITRATE: 0
/u/s/i/sinclair/courses/cs552/spring2022/handouts/testprograms/public/rand_simple/t_2_rori.asm SUCCESS CPI:3.5 CYCLES:116 ICOUNT:33 IHITRATE: 0 DHITRATE: 0
/u/s/i/sinclair/courses/cs552/spring2022/handouts/testprograms/public/rand_simple/t_2_sco.asm SUCCESS CPI:3.5 CYCLES:117 ICOUNT:33 IHITRATE: 0 DHITRATE: 0
/u/s/i/sinclair/courses/cs552/spring2022/handouts/testprograms/public/rand_simple/t_2_seq.asm SUCCESS CPI:3.5 CYCLES:117 ICOUNT:33 IHITRATE: 0 DHITRATE: 0
/u/s/i/sinclair/courses/cs552/spring2022/handouts/testprograms/public/rand_simple/t_2_slbi.asm SUCCESS CPI:3.5 CYCLES:114 ICOUNT:33 IHITRATE: 0 DHITRATE: 0
/u/s/i/sinclair/courses/cs552/spring2022/handouts/testprograms/public/rand_simple/t_2_sle.asm SUCCESS CPI:3.5 CYCLES:116 ICOUNT:33 IHITRATE: 0 DHITRATE: 0
/u/s/i/sinclair/courses/cs552/spring2022/handouts/testprograms/public/rand_simple/t_2_sll.asm SUCCESS CPI:3.4 CYCLES:113 ICOUNT:33 IHITRATE: 0 DHITRATE: 0
/u/s/i/sinclair/courses/cs552/spring2022/handouts/testprograms/public/rand_simple/t_2_slli.asm SUCCESS CPI:3.5 CYCLES:115 ICOUNT:33 IHITRATE: 0 DHITRATE: 0
/u/s/i/sinclair/courses/cs552/spring2022/handouts/testprograms/public/rand_simple/t_2_slt.asm SUCCESS CPI:3.5 CYCLES:114 ICOUNT:33 IHITRATE: 0 DHITRATE: 0
/u/s/i/sinclair/courses/cs552/spring2022/handouts/testprograms/public/rand_simple/t_2_srl.asm SUCCESS CPI:3.5 CYCLES:116 ICOUNT:33 IHITRATE: 0 DHITRATE: 0
/u/s/i/sinclair/courses/cs552/spring2022/handouts/testprograms/public/rand_simple/t_2_srli.asm SUCCESS CPI:3.4 CYCLES:112 ICOUNT:33 IHITRATE: 0 DHITRATE: 0
/u/s/i/sinclair/courses/cs552/spring2022/handouts/testprograms/public/rand_simple/t_2_st.asm SUCCESS CPI:4.3 CYCLES:210 ICOUNT:49 IHITRATE: 0 DHITRATE: 0
/u/s/i/sinclair/courses/cs552/spring2022/handouts/testprograms/public/rand_simple/t_2_stu.asm SUCCESS CPI:3.6 CYCLES:232 ICOUNT:65 IHITRATE: 0 DHITRATE: 0
/u/s/i/sinclair/courses/cs552/spring2022/handouts/testprograms/public/rand_simple/t_2_sub.asm SUCCESS CPI:3.5 CYCLES:116 ICOUNT:33 IHITRATE: 0 DHITRATE: 0
/u/s/i/sinclair/courses/cs552/spring2022/handouts/testprograms/public/rand_simple/t_2_subi.asm SUCCESS CPI:3.5 CYCLES:115 ICOUNT:33 IHITRATE: 0 DHITRATE: 0
/u/s/i/sinclair/courses/cs552/spring2022/handouts/testprograms/public/rand_simple/t_2_xor.asm SUCCESS CPI:3.4 CYCLES:113 ICOUNT:33 IHITRATE: 0 DHITRATE: 0
/u/s/i/sinclair/courses/cs552/spring2022/handouts/testprograms/public/rand_simple/t_2_xori.asm SUCCESS CPI:3.6 CYCLES:119 ICOUNT:33 IHITRATE: 0 DHITRATE: 0
/u/s/i/sinclair/courses/cs552/spring2022/handouts/testprograms/public/rand_simple/t_3_add.asm SUCCESS CPI:3.6 CYCLES:118 ICOUNT:33 IHITRATE: 0 DHITRATE: 0
/u/s/i/sinclair/courses/cs552/spring2022/handouts/testprograms/public/rand_simple/t_3_addi.asm SUCCESS CPI:3.5 CYCLES:115 ICOUNT:33 IHITRATE: 0 DHITRATE: 0
/u/s/i/sinclair/courses/cs552/spring2022/handouts/testprograms/public/rand_simple/t_3_andn.asm SUCCESS CPI:3.5 CYCLES:116 ICOUNT:33 IHITRATE: 0 DHITRATE: 0
/u/s/i/sinclair/courses/cs552/spring2022/handouts/testprograms/public/rand_simple/t_3_andni.asm SUCCESS CPI:3.5 CYCLES:115 ICOUNT:33 IHITRATE: 0 DHITRATE: 0
/u/s/i/sinclair/courses/cs552/spring2022/handouts/testprograms/public/rand_simple/t_3_beqz.asm SUCCESS CPI:45.1 CYCLES:857 ICOUNT:19 IHITRATE: 0 DHITRATE: 0
/u/s/i/sinclair/courses/cs552/spring2022/handouts/testprograms/public/rand_simple/t_3_bgez.asm SUCCESS CPI:31.8 CYCLES:604 ICOUNT:19 IHITRATE: 0 DHITRATE: 0
/u/s/i/sinclair/courses/cs552/spring2022/handouts/testprograms/public/rand_simple/t_3_bltz.asm SUCCESS CPI:26.6 CYCLES:505 ICOUNT:19 IHITRATE: 0 DHITRATE: 0
/u/s/i/sinclair/courses/cs552/spring2022/handouts/testprograms/public/rand_simple/t_3_bnez.asm SUCCESS CPI:32.9 CYCLES:626 ICOUNT:19 IHITRATE: 0 DHITRATE: 0
/u/s/i/sinclair/courses/cs552/spring2022/handouts/testprograms/public/rand_simple/t_3_btr.asm SUCCESS CPI:4.7 CYCLES:155 ICOUNT:33 IHITRATE: 0 DHITRATE: 0
/u/s/i/sinclair/courses/cs552/spring2022/handouts/testprograms/public/rand_simple/t_3_j.asm SUCCESS CPI:157.4 CYCLES:159 ICOUNT:1 IHITRATE: 0 DHITRATE: 0
/u/s/i/sinclair/courses/cs552/spring2022/handouts/testprograms/public/rand_simple/t_3_jal.asm SUCCESS CPI:8.5 CYCLES:145 ICOUNT:17 IHITRATE: 0 DHITRATE: 0
/u/s/i/sinclair/courses/cs552/spring2022/handouts/testprograms/public/rand_simple/t_3_jalr.asm SUCCESS CPI:7.7 CYCLES:502 ICOUNT:65 IHITRATE: 0 DHITRATE: 0
/u/s/i/sinclair/courses/cs552/spring2022/handouts/testprograms/public/rand_simple/t_3_jr.asm SUCCESS CPI:7.6 CYCLES:492 ICOUNT:65 IHITRATE: 0 DHITRATE: 0
/u/s/i/sinclair/courses/cs552/spring2022/handouts/testprograms/public/rand_simple/t_3_lbi.asm SUCCESS CPI:3.4 CYCLES:111 ICOUNT:33 IHITRATE: 0 DHITRATE: 0
/u/s/i/sinclair/courses/cs552/spring2022/handouts/testprograms/public/rand_simple/t_3_ld.asm SUCCESS CPI:4.4 CYCLES:215 ICOUNT:49 IHITRATE: 0 DHITRATE: 0
/u/s/i/sinclair/courses/cs552/spring2022/handouts/testprograms/public/rand_simple/t_3_rol.asm SUCCESS CPI:3.5 CYCLES:117 ICOUNT:33 IHITRATE: 0 DHITRATE: 0
/u/s/i/sinclair/courses/cs552/spring2022/handouts/testprograms/public/rand_simple/t_3_roli.asm SUCCESS CPI:3.4 CYCLES:113 ICOUNT:33 IHITRATE: 0 DHITRATE: 0
/u/s/i/sinclair/courses/cs552/spring2022/handouts/testprograms/public/rand_simple/t_3_ror.asm SUCCESS CPI:3.5 CYCLES:115 ICOUNT:33 IHITRATE: 0 DHITRATE: 0
/u/s/i/sinclair/courses/cs552/spring2022/handouts/testprograms/public/rand_simple/t_3_rori.asm SUCCESS CPI:3.4 CYCLES:111 ICOUNT:33 IHITRATE: 0 DHITRATE: 0
/u/s/i/sinclair/courses/cs552/spring2022/handouts/testprograms/public/rand_simple/t_3_sco.asm SUCCESS CPI:3.5 CYCLES:115 ICOUNT:33 IHITRATE: 0 DHITRATE: 0
/u/s/i/sinclair/courses/cs552/spring2022/handouts/testprograms/public/rand_simple/t_3_seq.asm SUCCESS CPI:3.5 CYCLES:115 ICOUNT:33 IHITRATE: 0 DHITRATE: 0
/u/s/i/sinclair/courses/cs552/spring2022/handouts/testprograms/public/rand_simple/t_3_slbi.asm SUCCESS CPI:3.5 CYCLES:114 ICOUNT:33 IHITRATE: 0 DHITRATE: 0
/u/s/i/sinclair/courses/cs552/spring2022/handouts/testprograms/public/rand_simple/t_3_sle.asm SUCCESS CPI:3.4 CYCLES:113 ICOUNT:33 IHITRATE: 0 DHITRATE: 0
/u/s/i/sinclair/courses/cs552/spring2022/handouts/testprograms/public/rand_simple/t_3_sll.asm SUCCESS CPI:3.5 CYCLES:115 ICOUNT:33 IHITRATE: 0 DHITRATE: 0
/u/s/i/sinclair/courses/cs552/spring2022/handouts/testprograms/public/rand_simple/t_3_slli.asm SUCCESS CPI:3.4 CYCLES:113 ICOUNT:33 IHITRATE: 0 DHITRATE: 0
/u/s/i/sinclair/courses/cs552/spring2022/handouts/testprograms/public/rand_simple/t_3_slt.asm SUCCESS CPI:3.5 CYCLES:114 ICOUNT:33 IHITRATE: 0 DHITRATE: 0
/u/s/i/sinclair/courses/cs552/spring2022/handouts/testprograms/public/rand_simple/t_3_srl.asm SUCCESS CPI:3.5 CYCLES:117 ICOUNT:33 IHITRATE: 0 DHITRATE: 0
/u/s/i/sinclair/courses/cs552/spring2022/handouts/testprograms/public/rand_simple/t_3_srli.asm SUCCESS CPI:3.4 CYCLES:113 ICOUNT:33 IHITRATE: 0 DHITRATE: 0
/u/s/i/sinclair/courses/cs552/spring2022/handouts/testprograms/public/rand_simple/t_3_st.asm SUCCESS CPI:4.5 CYCLES:222 ICOUNT:49 IHITRATE: 0 DHITRATE: 0
/u/s/i/sinclair/courses/cs552/spring2022/handouts/testprograms/public/rand_simple/t_3_stu.asm SUCCESS CPI:3.6 CYCLES:235 ICOUNT:65 IHITRATE: 0 DHITRATE: 0
/u/s/i/sinclair/courses/cs552/spring2022/handouts/testprograms/public/rand_simple/t_3_sub.asm SUCCESS CPI:3.5 CYCLES:116 ICOUNT:33 IHITRATE: 0 DHITRATE: 0
/u/s/i/sinclair/courses/cs552/spring2022/handouts/testprograms/public/rand_simple/t_3_subi.asm SUCCESS CPI:3.4 CYCLES:113 ICOUNT:33 IHITRATE: 0 DHITRATE: 0
/u/s/i/sinclair/courses/cs552/spring2022/handouts/testprograms/public/rand_simple/t_3_xor.asm SUCCESS CPI:3.5 CYCLES:115 ICOUNT:33 IHITRATE: 0 DHITRATE: 0
/u/s/i/sinclair/courses/cs552/spring2022/handouts/testprograms/public/rand_simple/t_3_xori.asm SUCCESS CPI:3.4 CYCLES:113 ICOUNT:33 IHITRATE: 0 DHITRATE: 0
/u/s/i/sinclair/courses/cs552/spring2022/handouts/testprograms/public/rand_simple/t_4_add.asm SUCCESS CPI:3.6 CYCLES:118 ICOUNT:33 IHITRATE: 0 DHITRATE: 0
/u/s/i/sinclair/courses/cs552/spring2022/handouts/testprograms/public/rand_simple/t_4_addi.asm SUCCESS CPI:3.4 CYCLES:112 ICOUNT:33 IHITRATE: 0 DHITRATE: 0
/u/s/i/sinclair/courses/cs552/spring2022/handouts/testprograms/public/rand_simple/t_4_andn.asm SUCCESS CPI:3.4 CYCLES:112 ICOUNT:33 IHITRATE: 0 DHITRATE: 0
/u/s/i/sinclair/courses/cs552/spring2022/handouts/testprograms/public/rand_simple/t_4_andni.asm SUCCESS CPI:3.4 CYCLES:113 ICOUNT:33 IHITRATE: 0 DHITRATE: 0
/u/s/i/sinclair/courses/cs552/spring2022/handouts/testprograms/public/rand_simple/t_4_beqz.asm SUCCESS CPI:43.1 CYCLES:819 ICOUNT:19 IHITRATE: 0 DHITRATE: 0
/u/s/i/sinclair/courses/cs552/spring2022/handouts/testprograms/public/rand_simple/t_4_bgez.asm SUCCESS CPI:36.3 CYCLES:691 ICOUNT:19 IHITRATE: 0 DHITRATE: 0
/u/s/i/sinclair/courses/cs552/spring2022/handouts/testprograms/public/rand_simple/t_4_bltz.asm SUCCESS CPI:40.2 CYCLES:764 ICOUNT:19 IHITRATE: 0 DHITRATE: 0
/u/s/i/sinclair/courses/cs552/spring2022/handouts/testprograms/public/rand_simple/t_4_bnez.asm SUCCESS CPI:38.2 CYCLES:726 ICOUNT:19 IHITRATE: 0 DHITRATE: 0
/u/s/i/sinclair/courses/cs552/spring2022/handouts/testprograms/public/rand_simple/t_4_btr.asm SUCCESS CPI:4.7 CYCLES:155 ICOUNT:33 IHITRATE: 0 DHITRATE: 0
/u/s/i/sinclair/courses/cs552/spring2022/handouts/testprograms/public/rand_simple/t_4_j.asm SUCCESS CPI:178.2 CYCLES:180 ICOUNT:1 IHITRATE: 0 DHITRATE: 0
/u/s/i/sinclair/courses/cs552/spring2022/handouts/testprograms/public/rand_simple/t_4_jal.asm SUCCESS CPI:10.6 CYCLES:180 ICOUNT:17 IHITRATE: 0 DHITRATE: 0
/u/s/i/sinclair/courses/cs552/spring2022/handouts/testprograms/public/rand_simple/t_4_jalr.asm SUCCESS CPI:7.8 CYCLES:510 ICOUNT:65 IHITRATE: 0 DHITRATE: 0
/u/s/i/sinclair/courses/cs552/spring2022/handouts/testprograms/public/rand_simple/t_4_jr.asm SUCCESS CPI:7.5 CYCLES:490 ICOUNT:65 IHITRATE: 0 DHITRATE: 0
/u/s/i/sinclair/courses/cs552/spring2022/handouts/testprograms/public/rand_simple/t_4_lbi.asm SUCCESS CPI:3.4 CYCLES:111 ICOUNT:33 IHITRATE: 0 DHITRATE: 0
/u/s/i/sinclair/courses/cs552/spring2022/handouts/testprograms/public/rand_simple/t_4_ld.asm SUCCESS CPI:4.6 CYCLES:225 ICOUNT:49 IHITRATE: 0 DHITRATE: 0
/u/s/i/sinclair/courses/cs552/spring2022/handouts/testprograms/public/rand_simple/t_4_rol.asm SUCCESS CPI:3.5 CYCLES:116 ICOUNT:33 IHITRATE: 0 DHITRATE: 0
/u/s/i/sinclair/courses/cs552/spring2022/handouts/testprograms/public/rand_simple/t_4_roli.asm SUCCESS CPI:3.6 CYCLES:119 ICOUNT:33 IHITRATE: 0 DHITRATE: 0
/u/s/i/sinclair/courses/cs552/spring2022/handouts/testprograms/public/rand_simple/t_4_ror.asm SUCCESS CPI:3.5 CYCLES:115 ICOUNT:33 IHITRATE: 0 DHITRATE: 0
/u/s/i/sinclair/courses/cs552/spring2022/handouts/testprograms/public/rand_simple/t_4_rori.asm SUCCESS CPI:3.4 CYCLES:113 ICOUNT:33 IHITRATE: 0 DHITRATE: 0
/u/s/i/sinclair/courses/cs552/spring2022/handouts/testprograms/public/rand_simple/t_4_sco.asm SUCCESS CPI:3.5 CYCLES:115 ICOUNT:33 IHITRATE: 0 DHITRATE: 0
/u/s/i/sinclair/courses/cs552/spring2022/handouts/testprograms/public/rand_simple/t_4_seq.asm SUCCESS CPI:3.5 CYCLES:115 ICOUNT:33 IHITRATE: 0 DHITRATE: 0
/u/s/i/sinclair/courses/cs552/spring2022/handouts/testprograms/public/rand_simple/t_4_slbi.asm SUCCESS CPI:3.4 CYCLES:113 ICOUNT:33 IHITRATE: 0 DHITRATE: 0
/u/s/i/sinclair/courses/cs552/spring2022/handouts/testprograms/public/rand_simple/t_4_sle.asm SUCCESS CPI:3.5 CYCLES:114 ICOUNT:33 IHITRATE: 0 DHITRATE: 0
/u/s/i/sinclair/courses/cs552/spring2022/handouts/testprograms/public/rand_simple/t_4_sll.asm SUCCESS CPI:3.6 CYCLES:119 ICOUNT:33 IHITRATE: 0 DHITRATE: 0
/u/s/i/sinclair/courses/cs552/spring2022/handouts/testprograms/public/rand_simple/t_4_slli.asm SUCCESS CPI:3.5 CYCLES:115 ICOUNT:33 IHITRATE: 0 DHITRATE: 0
/u/s/i/sinclair/courses/cs552/spring2022/handouts/testprograms/public/rand_simple/t_4_slt.asm SUCCESS CPI:3.4 CYCLES:113 ICOUNT:33 IHITRATE: 0 DHITRATE: 0
/u/s/i/sinclair/courses/cs552/spring2022/handouts/testprograms/public/rand_simple/t_4_srl.asm SUCCESS CPI:3.4 CYCLES:113 ICOUNT:33 IHITRATE: 0 DHITRATE: 0
/u/s/i/sinclair/courses/cs552/spring2022/handouts/testprograms/public/rand_simple/t_4_srli.asm SUCCESS CPI:3.4 CYCLES:111 ICOUNT:33 IHITRATE: 0 DHITRATE: 0
/u/s/i/sinclair/courses/cs552/spring2022/handouts/testprograms/public/rand_simple/t_4_st.asm SUCCESS CPI:4.4 CYCLES:217 ICOUNT:49 IHITRATE: 0 DHITRATE: 0
/u/s/i/sinclair/courses/cs552/spring2022/handouts/testprograms/public/rand_simple/t_4_stu.asm SUCCESS CPI:3.6 CYCLES:232 ICOUNT:65 IHITRATE: 0 DHITRATE: 0
/u/s/i/sinclair/courses/cs552/spring2022/handouts/testprograms/public/rand_simple/t_4_sub.asm SUCCESS CPI:3.5 CYCLES:117 ICOUNT:33 IHITRATE: 0 DHITRATE: 0
/u/s/i/sinclair/courses/cs552/spring2022/handouts/testprograms/public/rand_simple/t_4_subi.asm SUCCESS CPI:3.5 CYCLES:114 ICOUNT:33 IHITRATE: 0 DHITRATE: 0
/u/s/i/sinclair/courses/cs552/spring2022/handouts/testprograms/public/rand_simple/t_4_xor.asm SUCCESS CPI:3.5 CYCLES:116 ICOUNT:33 IHITRATE: 0 DHITRATE: 0
/u/s/i/sinclair/courses/cs552/spring2022/handouts/testprograms/public/rand_simple/t_4_xori.asm SUCCESS CPI:3.5 CYCLES:116 ICOUNT:33 IHITRATE: 0 DHITRATE: 0
