/u/s/i/sinclair/courses/cs552/spring2022/handouts/testprograms/public/complex_demo1/branchTest.asm SUCCESS CPI:8.1 CYCLES:171 ICOUNT:21 IHITRATE: 0 DHITRATE: 0
/u/s/i/sinclair/courses/cs552/spring2022/handouts/testprograms/public/complex_demo1/easyTest.asm SUCCESS CPI:12.0 CYCLES:491 ICOUNT:41 IHITRATE: 0 DHITRATE: 0
/u/s/i/sinclair/courses/cs552/spring2022/handouts/testprograms/public/complex_demo1/finalTest2.asm SUCCESS CPI:2.3 CYCLES:1066 ICOUNT:454 IHITRATE: 0 DHITRATE: 0
/u/s/i/sinclair/courses/cs552/spring2022/handouts/testprograms/public/complex_demo1/firstTest.asm SUCCESS CPI:3.3 CYCLES:137 ICOUNT:41 IHITRATE: 0 DHITRATE: 0
/u/s/i/sinclair/courses/cs552/spring2022/handouts/testprograms/public/complex_demo1/loadStoreTest.asm SUCCESS CPI:3.5 CYCLES:126 ICOUNT:36 IHITRATE: 0 DHITRATE: 0
/u/s/i/sinclair/courses/cs552/spring2022/handouts/testprograms/public/complex_demo1/shiftTest.asm SUCCESS CPI:3.1 CYCLES:302 ICOUNT:98 IHITRATE: 0 DHITRATE: 0
/u/s/i/sinclair/courses/cs552/spring2022/handouts/testprograms/public/complex_demo2/alignTest.asm SUCCESS CPI:5.4 CYCLES:38 ICOUNT:7 IHITRATE: 0 DHITRATE: 0
/u/s/i/sinclair/courses/cs552/spring2022/handouts/testprograms/public/complex_demo2/perf-test-dep-all.asm SUCCESS CPI:4.3 CYCLES:39 ICOUNT:9 IHITRATE: 0 DHITRATE: 0
/u/s/i/sinclair/courses/cs552/spring2022/handouts/testprograms/public/complex_demo2/perf-test-dep-ld.asm SUCCESS CPI:5.0 CYCLES:40 ICOUNT:8 IHITRATE: 0 DHITRATE: 0
/u/s/i/sinclair/courses/cs552/spring2022/handouts/testprograms/public/complex_demo2/perf-test-dep-ldst.asm SUCCESS CPI:6.0 CYCLES:66 ICOUNT:11 IHITRATE: 0 DHITRATE: 0
/u/s/i/sinclair/courses/cs552/spring2022/handouts/testprograms/public/complex_demo2/perf-test-dep-waw.asm SUCCESS CPI:4.3 CYCLES:39 ICOUNT:9 IHITRATE: 0 DHITRATE: 0
/u/s/i/sinclair/courses/cs552/spring2022/handouts/testprograms/public/complex_demo2/perf-test-dep-zero.asm SUCCESS CPI:12.6 CYCLES:63 ICOUNT:5 IHITRATE: 0 DHITRATE: 0
/u/s/i/sinclair/courses/cs552/spring2022/handouts/testprograms/public/complex_demo2/pipeTest.asm SUCCESS CPI:5.2 CYCLES:119 ICOUNT:23 IHITRATE: 0 DHITRATE: 0
/u/s/i/sinclair/courses/cs552/spring2022/handouts/testprograms/public/complex_demo2/stallTest.asm SUCCESS CPI:5.7 CYCLES:436 ICOUNT:77 IHITRATE: 0 DHITRATE: 0
/u/s/i/sinclair/courses/cs552/spring2022/handouts/testprograms/public/inst_tests/add_0.asm SUCCESS CPI:4.3 CYCLES:39 ICOUNT:9 IHITRATE: 0 DHITRATE: 0
/u/s/i/sinclair/courses/cs552/spring2022/handouts/testprograms/public/inst_tests/add_1.asm SUCCESS CPI:4.7 CYCLES:19 ICOUNT:4 IHITRATE: 0 DHITRATE: 0
/u/s/i/sinclair/courses/cs552/spring2022/handouts/testprograms/public/inst_tests/add_2.asm SUCCESS CPI:4.7 CYCLES:19 ICOUNT:4 IHITRATE: 0 DHITRATE: 0
/u/s/i/sinclair/courses/cs552/spring2022/handouts/testprograms/public/inst_tests/addi_0.asm SUCCESS CPI:6.0 CYCLES:18 ICOUNT:3 IHITRATE: 0 DHITRATE: 0
/u/s/i/sinclair/courses/cs552/spring2022/handouts/testprograms/public/inst_tests/addi_1.asm SUCCESS CPI:6.0 CYCLES:18 ICOUNT:3 IHITRATE: 0 DHITRATE: 0
/u/s/i/sinclair/courses/cs552/spring2022/handouts/testprograms/public/inst_tests/addi_2.asm SUCCESS CPI:6.0 CYCLES:18 ICOUNT:3 IHITRATE: 0 DHITRATE: 0
/u/s/i/sinclair/courses/cs552/spring2022/handouts/testprograms/public/inst_tests/addi_3.asm SUCCESS CPI:4.7 CYCLES:19 ICOUNT:4 IHITRATE: 0 DHITRATE: 0
/u/s/i/sinclair/courses/cs552/spring2022/handouts/testprograms/public/inst_tests/andn_0.asm SUCCESS CPI:4.7 CYCLES:28 ICOUNT:6 IHITRATE: 0 DHITRATE: 0
/u/s/i/sinclair/courses/cs552/spring2022/handouts/testprograms/public/inst_tests/andn_1.asm SUCCESS CPI:4.7 CYCLES:28 ICOUNT:6 IHITRATE: 0 DHITRATE: 0
/u/s/i/sinclair/courses/cs552/spring2022/handouts/testprograms/public/inst_tests/andn_2.asm SUCCESS CPI:6.0 CYCLES:18 ICOUNT:3 IHITRATE: 0 DHITRATE: 0
/u/s/i/sinclair/courses/cs552/spring2022/handouts/testprograms/public/inst_tests/andni_0.asm SUCCESS CPI:6.0 CYCLES:18 ICOUNT:3 IHITRATE: 0 DHITRATE: 0
/u/s/i/sinclair/courses/cs552/spring2022/handouts/testprograms/public/inst_tests/andni_1.asm SUCCESS CPI:6.0 CYCLES:18 ICOUNT:3 IHITRATE: 0 DHITRATE: 0
/u/s/i/sinclair/courses/cs552/spring2022/handouts/testprograms/public/inst_tests/andni_2.asm SUCCESS CPI:6.0 CYCLES:18 ICOUNT:3 IHITRATE: 0 DHITRATE: 0
/u/s/i/sinclair/courses/cs552/spring2022/handouts/testprograms/public/inst_tests/andni_3.asm SUCCESS CPI:6.0 CYCLES:18 ICOUNT:3 IHITRATE: 0 DHITRATE: 0
/u/s/i/sinclair/courses/cs552/spring2022/handouts/testprograms/public/inst_tests/andni_4.asm SUCCESS CPI:6.0 CYCLES:18 ICOUNT:3 IHITRATE: 0 DHITRATE: 0
/u/s/i/sinclair/courses/cs552/spring2022/handouts/testprograms/public/inst_tests/beqz_0.asm SUCCESS CPI:5.0 CYCLES:50 ICOUNT:10 IHITRATE: 0 DHITRATE: 0
/u/s/i/sinclair/courses/cs552/spring2022/handouts/testprograms/public/inst_tests/bgez_1.asm SUCCESS CPI:3.3 CYCLES:96 ICOUNT:29 IHITRATE: 0 DHITRATE: 0
/u/s/i/sinclair/courses/cs552/spring2022/handouts/testprograms/public/inst_tests/bgez_2.asm SUCCESS CPI:9.3 CYCLES:28 ICOUNT:3 IHITRATE: 0 DHITRATE: 0
/u/s/i/sinclair/courses/cs552/spring2022/handouts/testprograms/public/inst_tests/bgez_3.asm SUCCESS CPI:9.3 CYCLES:28 ICOUNT:3 IHITRATE: 0 DHITRATE: 0
/u/s/i/sinclair/courses/cs552/spring2022/handouts/testprograms/public/inst_tests/bgez_4.asm SUCCESS CPI:4.7 CYCLES:33 ICOUNT:7 IHITRATE: 0 DHITRATE: 0
/u/s/i/sinclair/courses/cs552/spring2022/handouts/testprograms/public/inst_tests/bgez_5.asm SUCCESS CPI:7.2 CYCLES:36 ICOUNT:5 IHITRATE: 0 DHITRATE: 0
/u/s/i/sinclair/courses/cs552/spring2022/handouts/testprograms/public/inst_tests/bgez_6.asm SUCCESS CPI:5.8 CYCLES:29 ICOUNT:5 IHITRATE: 0 DHITRATE: 0
/u/s/i/sinclair/courses/cs552/spring2022/handouts/testprograms/public/inst_tests/bgez_7.asm SUCCESS CPI:17.0 CYCLES:85 ICOUNT:5 IHITRATE: 0 DHITRATE: 0
/u/s/i/sinclair/courses/cs552/spring2022/handouts/testprograms/public/inst_tests/bgez_8.asm SUCCESS CPI:7.5 CYCLES:30 ICOUNT:4 IHITRATE: 0 DHITRATE: 0
/u/s/i/sinclair/courses/cs552/spring2022/handouts/testprograms/public/inst_tests/bgez_9.asm SUCCESS CPI:8.5 CYCLES:51 ICOUNT:6 IHITRATE: 0 DHITRATE: 0
/u/s/i/sinclair/courses/cs552/spring2022/handouts/testprograms/public/inst_tests/bltz_0.asm SUCCESS CPI:9.3 CYCLES:28 ICOUNT:3 IHITRATE: 0 DHITRATE: 0
/u/s/i/sinclair/courses/cs552/spring2022/handouts/testprograms/public/inst_tests/bltz_1.asm SUCCESS CPI:6.7 CYCLES:27 ICOUNT:4 IHITRATE: 0 DHITRATE: 0
/u/s/i/sinclair/courses/cs552/spring2022/handouts/testprograms/public/inst_tests/bltz_2.asm SUCCESS CPI:6.7 CYCLES:27 ICOUNT:4 IHITRATE: 0 DHITRATE: 0
/u/s/i/sinclair/courses/cs552/spring2022/handouts/testprograms/public/inst_tests/bltz_3.asm SUCCESS CPI:10.0 CYCLES:30 ICOUNT:3 IHITRATE: 0 DHITRATE: 0
/u/s/i/sinclair/courses/cs552/spring2022/handouts/testprograms/public/inst_tests/bnez_0.asm SUCCESS CPI:9.5 CYCLES:19 ICOUNT:2 IHITRATE: 0 DHITRATE: 0
/u/s/i/sinclair/courses/cs552/spring2022/handouts/testprograms/public/inst_tests/bnez_2.asm SUCCESS CPI:10.0 CYCLES:20 ICOUNT:2 IHITRATE: 0 DHITRATE: 0
/u/s/i/sinclair/courses/cs552/spring2022/handouts/testprograms/public/inst_tests/bnez_3.asm SUCCESS CPI:13.4 CYCLES:27 ICOUNT:2 IHITRATE: 0 DHITRATE: 0
/u/s/i/sinclair/courses/cs552/spring2022/handouts/testprograms/public/inst_tests/bnez_4.asm SUCCESS CPI:13.4 CYCLES:27 ICOUNT:2 IHITRATE: 0 DHITRATE: 0
/u/s/i/sinclair/courses/cs552/spring2022/handouts/testprograms/public/inst_tests/bnez_5.asm SUCCESS CPI:9.6 CYCLES:29 ICOUNT:3 IHITRATE: 0 DHITRATE: 0
/u/s/i/sinclair/courses/cs552/spring2022/handouts/testprograms/public/inst_tests/bnez_6.asm SUCCESS CPI:9.3 CYCLES:28 ICOUNT:3 IHITRATE: 0 DHITRATE: 0
/u/s/i/sinclair/courses/cs552/spring2022/handouts/testprograms/public/inst_tests/btr_0.asm SUCCESS CPI:4.7 CYCLES:19 ICOUNT:4 IHITRATE: 0 DHITRATE: 0
/u/s/i/sinclair/courses/cs552/spring2022/handouts/testprograms/public/inst_tests/btr_1.asm SUCCESS CPI:4.7 CYCLES:19 ICOUNT:4 IHITRATE: 0 DHITRATE: 0
/u/s/i/sinclair/courses/cs552/spring2022/handouts/testprograms/public/inst_tests/btr_2.asm SUCCESS CPI:4.7 CYCLES:19 ICOUNT:4 IHITRATE: 0 DHITRATE: 0
/u/s/i/sinclair/courses/cs552/spring2022/handouts/testprograms/public/inst_tests/btr_3.asm SUCCESS CPI:4.7 CYCLES:19 ICOUNT:4 IHITRATE: 0 DHITRATE: 0
/u/s/i/sinclair/courses/cs552/spring2022/handouts/testprograms/public/inst_tests/btr_4.asm SUCCESS CPI:4.7 CYCLES:19 ICOUNT:4 IHITRATE: 0 DHITRATE: 0
/u/s/i/sinclair/courses/cs552/spring2022/handouts/testprograms/public/inst_tests/btr_5.asm SUCCESS CPI:4.7 CYCLES:19 ICOUNT:4 IHITRATE: 0 DHITRATE: 0
/u/s/i/sinclair/courses/cs552/spring2022/handouts/testprograms/public/inst_tests/btr_6.asm SUCCESS CPI:4.7 CYCLES:19 ICOUNT:4 IHITRATE: 0 DHITRATE: 0
/u/s/i/sinclair/courses/cs552/spring2022/handouts/testprograms/public/inst_tests/btr_7.asm SUCCESS CPI:4.7 CYCLES:19 ICOUNT:4 IHITRATE: 0 DHITRATE: 0
/u/s/i/sinclair/courses/cs552/spring2022/handouts/testprograms/public/inst_tests/btr_8.asm SUCCESS CPI:4.7 CYCLES:19 ICOUNT:4 IHITRATE: 0 DHITRATE: 0
/u/s/i/sinclair/courses/cs552/spring2022/handouts/testprograms/public/inst_tests/j_0.asm SUCCESS CPI:7.2 CYCLES:29 ICOUNT:4 IHITRATE: 0 DHITRATE: 0
/u/s/i/sinclair/courses/cs552/spring2022/handouts/testprograms/public/inst_tests/j_1.asm SUCCESS CPI:7.2 CYCLES:29 ICOUNT:4 IHITRATE: 0 DHITRATE: 0
/u/s/i/sinclair/courses/cs552/spring2022/handouts/testprograms/public/inst_tests/j_2.asm SUCCESS CPI:9.0 CYCLES:18 ICOUNT:2 IHITRATE: 0 DHITRATE: 0
/u/s/i/sinclair/courses/cs552/spring2022/handouts/testprograms/public/inst_tests/j_3.asm SUCCESS CPI:16.8 CYCLES:17 ICOUNT:1 IHITRATE: 0 DHITRATE: 0
/u/s/i/sinclair/courses/cs552/spring2022/handouts/testprograms/public/inst_tests/j_4.asm SUCCESS CPI:8.2 CYCLES:41 ICOUNT:5 IHITRATE: 0 DHITRATE: 0
/u/s/i/sinclair/courses/cs552/spring2022/handouts/testprograms/public/inst_tests/jal_0.asm SUCCESS CPI:9.0 CYCLES:18 ICOUNT:2 IHITRATE: 0 DHITRATE: 0
/u/s/i/sinclair/courses/cs552/spring2022/handouts/testprograms/public/inst_tests/jal_1.asm SUCCESS CPI:12.0 CYCLES:36 ICOUNT:3 IHITRATE: 0 DHITRATE: 0
/u/s/i/sinclair/courses/cs552/spring2022/handouts/testprograms/public/inst_tests/jal_10.asm SUCCESS CPI:11.9 CYCLES:24 ICOUNT:2 IHITRATE: 0 DHITRATE: 0
/u/s/i/sinclair/courses/cs552/spring2022/handouts/testprograms/public/inst_tests/jal_11.asm SUCCESS CPI:5.0 CYCLES:30 ICOUNT:6 IHITRATE: 0 DHITRATE: 0
/u/s/i/sinclair/courses/cs552/spring2022/handouts/testprograms/public/inst_tests/jal_12.asm SUCCESS CPI:7.0 CYCLES:28 ICOUNT:4 IHITRATE: 0 DHITRATE: 0
/u/s/i/sinclair/courses/cs552/spring2022/handouts/testprograms/public/inst_tests/jal_15.asm SUCCESS CPI:8.5 CYCLES:17 ICOUNT:2 IHITRATE: 0 DHITRATE: 0
/u/s/i/sinclair/courses/cs552/spring2022/handouts/testprograms/public/inst_tests/jal_16.asm SUCCESS CPI:11.9 CYCLES:24 ICOUNT:2 IHITRATE: 0 DHITRATE: 0
/u/s/i/sinclair/courses/cs552/spring2022/handouts/testprograms/public/inst_tests/jal_17.asm SUCCESS CPI:8.6 CYCLES:26 ICOUNT:3 IHITRATE: 0 DHITRATE: 0
/u/s/i/sinclair/courses/cs552/spring2022/handouts/testprograms/public/inst_tests/jal_19.asm SUCCESS CPI:4.8 CYCLES:29 ICOUNT:6 IHITRATE: 0 DHITRATE: 0
/u/s/i/sinclair/courses/cs552/spring2022/handouts/testprograms/public/inst_tests/jal_2.asm SUCCESS CPI:9.0 CYCLES:18 ICOUNT:2 IHITRATE: 0 DHITRATE: 0
/u/s/i/sinclair/courses/cs552/spring2022/handouts/testprograms/public/inst_tests/jal_22.asm SUCCESS CPI:8.5 CYCLES:17 ICOUNT:2 IHITRATE: 0 DHITRATE: 0
/u/s/i/sinclair/courses/cs552/spring2022/handouts/testprograms/public/inst_tests/jal_24.asm SUCCESS CPI:11.9 CYCLES:24 ICOUNT:2 IHITRATE: 0 DHITRATE: 0
/u/s/i/sinclair/courses/cs552/spring2022/handouts/testprograms/public/inst_tests/jal_25.asm SUCCESS CPI:11.9 CYCLES:24 ICOUNT:2 IHITRATE: 0 DHITRATE: 0
/u/s/i/sinclair/courses/cs552/spring2022/handouts/testprograms/public/inst_tests/jal_26.asm SUCCESS CPI:7.2 CYCLES:43 ICOUNT:6 IHITRATE: 0 DHITRATE: 0
/u/s/i/sinclair/courses/cs552/spring2022/handouts/testprograms/public/inst_tests/jal_27.asm SUCCESS CPI:5.6 CYCLES:28 ICOUNT:5 IHITRATE: 0 DHITRATE: 0
/u/s/i/sinclair/courses/cs552/spring2022/handouts/testprograms/public/inst_tests/jal_28.asm SUCCESS CPI:8.5 CYCLES:17 ICOUNT:2 IHITRATE: 0 DHITRATE: 0
/u/s/i/sinclair/courses/cs552/spring2022/handouts/testprograms/public/inst_tests/jal_29.asm SUCCESS CPI:8.5 CYCLES:17 ICOUNT:2 IHITRATE: 0 DHITRATE: 0
/u/s/i/sinclair/courses/cs552/spring2022/handouts/testprograms/public/inst_tests/jal_3.asm SUCCESS CPI:6.0 CYCLES:18 ICOUNT:3 IHITRATE: 0 DHITRATE: 0
/u/s/i/sinclair/courses/cs552/spring2022/handouts/testprograms/public/inst_tests/jal_30.asm SUCCESS CPI:5.8 CYCLES:41 ICOUNT:7 IHITRATE: 0 DHITRATE: 0
/u/s/i/sinclair/courses/cs552/spring2022/handouts/testprograms/public/inst_tests/jal_31.asm SUCCESS CPI:8.7 CYCLES:35 ICOUNT:4 IHITRATE: 0 DHITRATE: 0
/u/s/i/sinclair/courses/cs552/spring2022/handouts/testprograms/public/inst_tests/jal_32.asm SUCCESS CPI:11.9 CYCLES:24 ICOUNT:2 IHITRATE: 0 DHITRATE: 0
/u/s/i/sinclair/courses/cs552/spring2022/handouts/testprograms/public/inst_tests/jal_33.asm SUCCESS CPI:11.9 CYCLES:24 ICOUNT:2 IHITRATE: 0 DHITRATE: 0
/u/s/i/sinclair/courses/cs552/spring2022/handouts/testprograms/public/inst_tests/jal_35.asm SUCCESS CPI:5.4 CYCLES:27 ICOUNT:5 IHITRATE: 0 DHITRATE: 0
/u/s/i/sinclair/courses/cs552/spring2022/handouts/testprograms/public/inst_tests/jal_36.asm SUCCESS CPI:4.0 CYCLES:32 ICOUNT:8 IHITRATE: 0 DHITRATE: 0
/u/s/i/sinclair/courses/cs552/spring2022/handouts/testprograms/public/inst_tests/jal_4.asm SUCCESS CPI:6.5 CYCLES:26 ICOUNT:4 IHITRATE: 0 DHITRATE: 0
/u/s/i/sinclair/courses/cs552/spring2022/handouts/testprograms/public/inst_tests/jal_5.asm SUCCESS CPI:6.6 CYCLES:33 ICOUNT:5 IHITRATE: 0 DHITRATE: 0
/u/s/i/sinclair/courses/cs552/spring2022/handouts/testprograms/public/inst_tests/jal_6.asm SUCCESS CPI:5.8 CYCLES:29 ICOUNT:5 IHITRATE: 0 DHITRATE: 0
/u/s/i/sinclair/courses/cs552/spring2022/handouts/testprograms/public/inst_tests/jal_8.asm SUCCESS CPI:6.3 CYCLES:19 ICOUNT:3 IHITRATE: 0 DHITRATE: 0
/u/s/i/sinclair/courses/cs552/spring2022/handouts/testprograms/public/inst_tests/jalr_0.asm SUCCESS CPI:12.3 CYCLES:37 ICOUNT:3 IHITRATE: 0 DHITRATE: 0
/u/s/i/sinclair/courses/cs552/spring2022/handouts/testprograms/public/inst_tests/jalr_1.asm SUCCESS CPI:12.0 CYCLES:36 ICOUNT:3 IHITRATE: 0 DHITRATE: 0
/u/s/i/sinclair/courses/cs552/spring2022/handouts/testprograms/public/inst_tests/jalr_11.asm SUCCESS CPI:5.0 CYCLES:40 ICOUNT:8 IHITRATE: 0 DHITRATE: 0
/u/s/i/sinclair/courses/cs552/spring2022/handouts/testprograms/public/inst_tests/jalr_12.asm SUCCESS CPI:7.5 CYCLES:30 ICOUNT:4 IHITRATE: 0 DHITRATE: 0
/u/s/i/sinclair/courses/cs552/spring2022/handouts/testprograms/public/inst_tests/jalr_13.asm SUCCESS CPI:7.5 CYCLES:30 ICOUNT:4 IHITRATE: 0 DHITRATE: 0
/u/s/i/sinclair/courses/cs552/spring2022/handouts/testprograms/public/inst_tests/jalr_14.asm SUCCESS CPI:7.5 CYCLES:30 ICOUNT:4 IHITRATE: 0 DHITRATE: 0
/u/s/i/sinclair/courses/cs552/spring2022/handouts/testprograms/public/inst_tests/jalr_15.asm SUCCESS CPI:7.0 CYCLES:28 ICOUNT:4 IHITRATE: 0 DHITRATE: 0
/u/s/i/sinclair/courses/cs552/spring2022/handouts/testprograms/public/inst_tests/jalr_16.asm SUCCESS CPI:7.0 CYCLES:28 ICOUNT:4 IHITRATE: 0 DHITRATE: 0
/u/s/i/sinclair/courses/cs552/spring2022/handouts/testprograms/public/inst_tests/jalr_17.asm SUCCESS CPI:4.9 CYCLES:39 ICOUNT:8 IHITRATE: 0 DHITRATE: 0
/u/s/i/sinclair/courses/cs552/spring2022/handouts/testprograms/public/inst_tests/jalr_18.asm SUCCESS CPI:5.6 CYCLES:28 ICOUNT:5 IHITRATE: 0 DHITRATE: 0
/u/s/i/sinclair/courses/cs552/spring2022/handouts/testprograms/public/inst_tests/jalr_19.asm SUCCESS CPI:4.9 CYCLES:39 ICOUNT:8 IHITRATE: 0 DHITRATE: 0
/u/s/i/sinclair/courses/cs552/spring2022/handouts/testprograms/public/inst_tests/jalr_2.asm SUCCESS CPI:12.0 CYCLES:36 ICOUNT:3 IHITRATE: 0 DHITRATE: 0
/u/s/i/sinclair/courses/cs552/spring2022/handouts/testprograms/public/inst_tests/jalr_27.asm SUCCESS CPI:6.8 CYCLES:61 ICOUNT:9 IHITRATE: 0 DHITRATE: 0
/u/s/i/sinclair/courses/cs552/spring2022/handouts/testprograms/public/inst_tests/jalr_28.asm SUCCESS CPI:7.2 CYCLES:36 ICOUNT:5 IHITRATE: 0 DHITRATE: 0
/u/s/i/sinclair/courses/cs552/spring2022/handouts/testprograms/public/inst_tests/jalr_29.asm SUCCESS CPI:6.3 CYCLES:19 ICOUNT:3 IHITRATE: 0 DHITRATE: 0
/u/s/i/sinclair/courses/cs552/spring2022/handouts/testprograms/public/inst_tests/jalr_3.asm SUCCESS CPI:15.0 CYCLES:60 ICOUNT:4 IHITRATE: 0 DHITRATE: 0
/u/s/i/sinclair/courses/cs552/spring2022/handouts/testprograms/public/inst_tests/jalr_30.asm SUCCESS CPI:8.6 CYCLES:26 ICOUNT:3 IHITRATE: 0 DHITRATE: 0
/u/s/i/sinclair/courses/cs552/spring2022/handouts/testprograms/public/inst_tests/jalr_31.asm SUCCESS CPI:5.2 CYCLES:42 ICOUNT:8 IHITRATE: 0 DHITRATE: 0
/u/s/i/sinclair/courses/cs552/spring2022/handouts/testprograms/public/inst_tests/jalr_32.asm SUCCESS CPI:5.3 CYCLES:32 ICOUNT:6 IHITRATE: 0 DHITRATE: 0
/u/s/i/sinclair/courses/cs552/spring2022/handouts/testprograms/public/inst_tests/jalr_33.asm SUCCESS CPI:8.6 CYCLES:26 ICOUNT:3 IHITRATE: 0 DHITRATE: 0
/u/s/i/sinclair/courses/cs552/spring2022/handouts/testprograms/public/inst_tests/jalr_34.asm SUCCESS CPI:8.6 CYCLES:26 ICOUNT:3 IHITRATE: 0 DHITRATE: 0
/u/s/i/sinclair/courses/cs552/spring2022/handouts/testprograms/public/inst_tests/jalr_36.asm SUCCESS CPI:8.6 CYCLES:26 ICOUNT:3 IHITRATE: 0 DHITRATE: 0
/u/s/i/sinclair/courses/cs552/spring2022/handouts/testprograms/public/inst_tests/jalr_4.asm SUCCESS CPI:6.0 CYCLES:42 ICOUNT:7 IHITRATE: 0 DHITRATE: 0
/u/s/i/sinclair/courses/cs552/spring2022/handouts/testprograms/public/inst_tests/jalr_5.asm SUCCESS CPI:6.2 CYCLES:31 ICOUNT:5 IHITRATE: 0 DHITRATE: 0
/u/s/i/sinclair/courses/cs552/spring2022/handouts/testprograms/public/inst_tests/jalr_6.asm SUCCESS CPI:6.0 CYCLES:30 ICOUNT:5 IHITRATE: 0 DHITRATE: 0
/u/s/i/sinclair/courses/cs552/spring2022/handouts/testprograms/public/inst_tests/jalr_7.asm SUCCESS CPI:6.8 CYCLES:41 ICOUNT:6 IHITRATE: 0 DHITRATE: 0
/u/s/i/sinclair/courses/cs552/spring2022/handouts/testprograms/public/inst_tests/jr_0.asm SUCCESS CPI:9.3 CYCLES:28 ICOUNT:3 IHITRATE: 0 DHITRATE: 0
/u/s/i/sinclair/courses/cs552/spring2022/handouts/testprograms/public/inst_tests/lbi_0.asm SUCCESS CPI:4.8 CYCLES:29 ICOUNT:6 IHITRATE: 0 DHITRATE: 0
/u/s/i/sinclair/courses/cs552/spring2022/handouts/testprograms/public/inst_tests/lbi_1.asm SUCCESS CPI:4.1 CYCLES:37 ICOUNT:9 IHITRATE: 0 DHITRATE: 0
/u/s/i/sinclair/courses/cs552/spring2022/handouts/testprograms/public/inst_tests/ld_0.asm SUCCESS CPI:5.0 CYCLES:30 ICOUNT:6 IHITRATE: 0 DHITRATE: 0
/u/s/i/sinclair/courses/cs552/spring2022/handouts/testprograms/public/inst_tests/ld_1.asm SUCCESS CPI:5.0 CYCLES:30 ICOUNT:6 IHITRATE: 0 DHITRATE: 0
/u/s/i/sinclair/courses/cs552/spring2022/handouts/testprograms/public/inst_tests/ld_2.asm SUCCESS CPI:5.0 CYCLES:30 ICOUNT:6 IHITRATE: 0 DHITRATE: 0
/u/s/i/sinclair/courses/cs552/spring2022/handouts/testprograms/public/inst_tests/ld_3.asm SUCCESS CPI:4.8 CYCLES:53 ICOUNT:11 IHITRATE: 0 DHITRATE: 0
/u/s/i/sinclair/courses/cs552/spring2022/handouts/testprograms/public/inst_tests/rol_0.asm SUCCESS CPI:3.8 CYCLES:42 ICOUNT:11 IHITRATE: 0 DHITRATE: 0
/u/s/i/sinclair/courses/cs552/spring2022/handouts/testprograms/public/inst_tests/rol_1.asm SUCCESS CPI:3.3 CYCLES:114 ICOUNT:35 IHITRATE: 0 DHITRATE: 0
/u/s/i/sinclair/courses/cs552/spring2022/handouts/testprograms/public/inst_tests/roli_0.asm SUCCESS CPI:6.0 CYCLES:18 ICOUNT:3 IHITRATE: 0 DHITRATE: 0
/u/s/i/sinclair/courses/cs552/spring2022/handouts/testprograms/public/inst_tests/roli_1.asm SUCCESS CPI:6.0 CYCLES:18 ICOUNT:3 IHITRATE: 0 DHITRATE: 0
/u/s/i/sinclair/courses/cs552/spring2022/handouts/testprograms/public/inst_tests/roli_2.asm SUCCESS CPI:6.0 CYCLES:18 ICOUNT:3 IHITRATE: 0 DHITRATE: 0
/u/s/i/sinclair/courses/cs552/spring2022/handouts/testprograms/public/inst_tests/roli_3.asm SUCCESS CPI:6.0 CYCLES:18 ICOUNT:3 IHITRATE: 0 DHITRATE: 0
/u/s/i/sinclair/courses/cs552/spring2022/handouts/testprograms/public/inst_tests/roli_4.asm SUCCESS CPI:6.0 CYCLES:18 ICOUNT:3 IHITRATE: 0 DHITRATE: 0
/u/s/i/sinclair/courses/cs552/spring2022/handouts/testprograms/public/inst_tests/ror_0.asm SUCCESS CPI:4.7 CYCLES:19 ICOUNT:4 IHITRATE: 0 DHITRATE: 0
/u/s/i/sinclair/courses/cs552/spring2022/handouts/testprograms/public/inst_tests/ror_1.asm SUCCESS CPI:4.7 CYCLES:19 ICOUNT:4 IHITRATE: 0 DHITRATE: 0
/u/s/i/sinclair/courses/cs552/spring2022/handouts/testprograms/public/inst_tests/ror_2.asm SUCCESS CPI:4.7 CYCLES:19 ICOUNT:4 IHITRATE: 0 DHITRATE: 0
/u/s/i/sinclair/courses/cs552/spring2022/handouts/testprograms/public/inst_tests/ror_3.asm SUCCESS CPI:4.7 CYCLES:19 ICOUNT:4 IHITRATE: 0 DHITRATE: 0
/u/s/i/sinclair/courses/cs552/spring2022/handouts/testprograms/public/inst_tests/ror_4.asm SUCCESS CPI:4.7 CYCLES:19 ICOUNT:4 IHITRATE: 0 DHITRATE: 0
/u/s/i/sinclair/courses/cs552/spring2022/handouts/testprograms/public/inst_tests/ror_6.asm SUCCESS CPI:4.7 CYCLES:19 ICOUNT:4 IHITRATE: 0 DHITRATE: 0
/u/s/i/sinclair/courses/cs552/spring2022/handouts/testprograms/public/inst_tests/rori_0.asm SUCCESS CPI:3.3 CYCLES:114 ICOUNT:35 IHITRATE: 0 DHITRATE: 0
/u/s/i/sinclair/courses/cs552/spring2022/handouts/testprograms/public/inst_tests/sco_0.asm SUCCESS CPI:4.7 CYCLES:19 ICOUNT:4 IHITRATE: 0 DHITRATE: 0
/u/s/i/sinclair/courses/cs552/spring2022/handouts/testprograms/public/inst_tests/sco_1.asm SUCCESS CPI:4.7 CYCLES:19 ICOUNT:4 IHITRATE: 0 DHITRATE: 0
/u/s/i/sinclair/courses/cs552/spring2022/handouts/testprograms/public/inst_tests/sco_2.asm SUCCESS CPI:4.7 CYCLES:28 ICOUNT:6 IHITRATE: 0 DHITRATE: 0
/u/s/i/sinclair/courses/cs552/spring2022/handouts/testprograms/public/inst_tests/seq_0.asm SUCCESS CPI:3.5 CYCLES:245 ICOUNT:70 IHITRATE: 0 DHITRATE: 0
/u/s/i/sinclair/courses/cs552/spring2022/handouts/testprograms/public/inst_tests/seq_1.asm SUCCESS CPI:4.7 CYCLES:19 ICOUNT:4 IHITRATE: 0 DHITRATE: 0
/u/s/i/sinclair/courses/cs552/spring2022/handouts/testprograms/public/inst_tests/seq_2.asm SUCCESS CPI:4.7 CYCLES:19 ICOUNT:4 IHITRATE: 0 DHITRATE: 0
/u/s/i/sinclair/courses/cs552/spring2022/handouts/testprograms/public/inst_tests/seq_3.asm SUCCESS CPI:4.7 CYCLES:19 ICOUNT:4 IHITRATE: 0 DHITRATE: 0
/u/s/i/sinclair/courses/cs552/spring2022/handouts/testprograms/public/inst_tests/seq_4.asm SUCCESS CPI:4.7 CYCLES:19 ICOUNT:4 IHITRATE: 0 DHITRATE: 0
/u/s/i/sinclair/courses/cs552/spring2022/handouts/testprograms/public/inst_tests/seq_5.asm SUCCESS CPI:4.7 CYCLES:19 ICOUNT:4 IHITRATE: 0 DHITRATE: 0
/u/s/i/sinclair/courses/cs552/spring2022/handouts/testprograms/public/inst_tests/seq_6.asm SUCCESS CPI:4.7 CYCLES:19 ICOUNT:4 IHITRATE: 0 DHITRATE: 0
/u/s/i/sinclair/courses/cs552/spring2022/handouts/testprograms/public/inst_tests/seq_7.asm SUCCESS CPI:4.7 CYCLES:19 ICOUNT:4 IHITRATE: 0 DHITRATE: 0
/u/s/i/sinclair/courses/cs552/spring2022/handouts/testprograms/public/inst_tests/seq_8.asm SUCCESS CPI:4.7 CYCLES:19 ICOUNT:4 IHITRATE: 0 DHITRATE: 0
/u/s/i/sinclair/courses/cs552/spring2022/handouts/testprograms/public/inst_tests/seq_9.asm SUCCESS CPI:4.7 CYCLES:19 ICOUNT:4 IHITRATE: 0 DHITRATE: 0
/u/s/i/sinclair/courses/cs552/spring2022/handouts/testprograms/public/inst_tests/siic_0.asm RELAX-PASS
/u/s/i/sinclair/courses/cs552/spring2022/handouts/testprograms/public/inst_tests/slbi_0.asm SUCCESS CPI:6.0 CYCLES:18 ICOUNT:3 IHITRATE: 0 DHITRATE: 0
/u/s/i/sinclair/courses/cs552/spring2022/handouts/testprograms/public/inst_tests/slbi_1.asm SUCCESS CPI:6.0 CYCLES:18 ICOUNT:3 IHITRATE: 0 DHITRATE: 0
/u/s/i/sinclair/courses/cs552/spring2022/handouts/testprograms/public/inst_tests/slbi_2.asm SUCCESS CPI:6.0 CYCLES:18 ICOUNT:3 IHITRATE: 0 DHITRATE: 0
/u/s/i/sinclair/courses/cs552/spring2022/handouts/testprograms/public/inst_tests/sle_0.asm SUCCESS CPI:3.3 CYCLES:121 ICOUNT:37 IHITRATE: 0 DHITRATE: 0
/u/s/i/sinclair/courses/cs552/spring2022/handouts/testprograms/public/inst_tests/sle_1.asm SUCCESS CPI:5.4 CYCLES:27 ICOUNT:5 IHITRATE: 0 DHITRATE: 0
/u/s/i/sinclair/courses/cs552/spring2022/handouts/testprograms/public/inst_tests/sle_2.asm SUCCESS CPI:5.4 CYCLES:27 ICOUNT:5 IHITRATE: 0 DHITRATE: 0
/u/s/i/sinclair/courses/cs552/spring2022/handouts/testprograms/public/inst_tests/sle_3.asm SUCCESS CPI:5.4 CYCLES:27 ICOUNT:5 IHITRATE: 0 DHITRATE: 0
/u/s/i/sinclair/courses/cs552/spring2022/handouts/testprograms/public/inst_tests/sle_4.asm SUCCESS CPI:5.4 CYCLES:27 ICOUNT:5 IHITRATE: 0 DHITRATE: 0
/u/s/i/sinclair/courses/cs552/spring2022/handouts/testprograms/public/inst_tests/sle_5.asm SUCCESS CPI:5.4 CYCLES:27 ICOUNT:5 IHITRATE: 0 DHITRATE: 0
/u/s/i/sinclair/courses/cs552/spring2022/handouts/testprograms/public/inst_tests/sle_6.asm SUCCESS CPI:5.4 CYCLES:27 ICOUNT:5 IHITRATE: 0 DHITRATE: 0
/u/s/i/sinclair/courses/cs552/spring2022/handouts/testprograms/public/inst_tests/sll_0.asm SUCCESS CPI:4.7 CYCLES:19 ICOUNT:4 IHITRATE: 0 DHITRATE: 0
/u/s/i/sinclair/courses/cs552/spring2022/handouts/testprograms/public/inst_tests/sll_1.asm SUCCESS CPI:4.7 CYCLES:19 ICOUNT:4 IHITRATE: 0 DHITRATE: 0
/u/s/i/sinclair/courses/cs552/spring2022/handouts/testprograms/public/inst_tests/sll_2.asm SUCCESS CPI:4.7 CYCLES:19 ICOUNT:4 IHITRATE: 0 DHITRATE: 0
/u/s/i/sinclair/courses/cs552/spring2022/handouts/testprograms/public/inst_tests/sll_3.asm SUCCESS CPI:4.7 CYCLES:19 ICOUNT:4 IHITRATE: 0 DHITRATE: 0
/u/s/i/sinclair/courses/cs552/spring2022/handouts/testprograms/public/inst_tests/sll_4.asm SUCCESS CPI:4.7 CYCLES:19 ICOUNT:4 IHITRATE: 0 DHITRATE: 0
/u/s/i/sinclair/courses/cs552/spring2022/handouts/testprograms/public/inst_tests/slli_0.asm SUCCESS CPI:4.2 CYCLES:38 ICOUNT:9 IHITRATE: 0 DHITRATE: 0
/u/s/i/sinclair/courses/cs552/spring2022/handouts/testprograms/public/inst_tests/slli_1.asm SUCCESS CPI:4.7 CYCLES:28 ICOUNT:6 IHITRATE: 0 DHITRATE: 0
/u/s/i/sinclair/courses/cs552/spring2022/handouts/testprograms/public/inst_tests/slli_2.asm SUCCESS CPI:5.4 CYCLES:27 ICOUNT:5 IHITRATE: 0 DHITRATE: 0
/u/s/i/sinclair/courses/cs552/spring2022/handouts/testprograms/public/inst_tests/slt_0.asm SUCCESS CPI:4.7 CYCLES:19 ICOUNT:4 IHITRATE: 0 DHITRATE: 0
/u/s/i/sinclair/courses/cs552/spring2022/handouts/testprograms/public/inst_tests/slt_1.asm SUCCESS CPI:4.7 CYCLES:19 ICOUNT:4 IHITRATE: 0 DHITRATE: 0
/u/s/i/sinclair/courses/cs552/spring2022/handouts/testprograms/public/inst_tests/slt_2.asm SUCCESS CPI:6.0 CYCLES:18 ICOUNT:3 IHITRATE: 0 DHITRATE: 0
/u/s/i/sinclair/courses/cs552/spring2022/handouts/testprograms/public/inst_tests/slt_5.asm SUCCESS CPI:3.8 CYCLES:38 ICOUNT:10 IHITRATE: 0 DHITRATE: 0
/u/s/i/sinclair/courses/cs552/spring2022/handouts/testprograms/public/inst_tests/srl_0.asm SUCCESS CPI:5.4 CYCLES:27 ICOUNT:5 IHITRATE: 0 DHITRATE: 0
/u/s/i/sinclair/courses/cs552/spring2022/handouts/testprograms/public/inst_tests/srl_1.asm SUCCESS CPI:4.7 CYCLES:28 ICOUNT:6 IHITRATE: 0 DHITRATE: 0
/u/s/i/sinclair/courses/cs552/spring2022/handouts/testprograms/public/inst_tests/srl_2.asm SUCCESS CPI:5.4 CYCLES:27 ICOUNT:5 IHITRATE: 0 DHITRATE: 0
/u/s/i/sinclair/courses/cs552/spring2022/handouts/testprograms/public/inst_tests/srl_3.asm SUCCESS CPI:5.4 CYCLES:27 ICOUNT:5 IHITRATE: 0 DHITRATE: 0
/u/s/i/sinclair/courses/cs552/spring2022/handouts/testprograms/public/inst_tests/srl_4.asm SUCCESS CPI:5.4 CYCLES:27 ICOUNT:5 IHITRATE: 0 DHITRATE: 0
/u/s/i/sinclair/courses/cs552/spring2022/handouts/testprograms/public/inst_tests/srli_0.asm SUCCESS CPI:6.0 CYCLES:18 ICOUNT:3 IHITRATE: 0 DHITRATE: 0
/u/s/i/sinclair/courses/cs552/spring2022/handouts/testprograms/public/inst_tests/srli_1.asm SUCCESS CPI:6.0 CYCLES:18 ICOUNT:3 IHITRATE: 0 DHITRATE: 0
/u/s/i/sinclair/courses/cs552/spring2022/handouts/testprograms/public/inst_tests/srli_2.asm SUCCESS CPI:6.0 CYCLES:18 ICOUNT:3 IHITRATE: 0 DHITRATE: 0
/u/s/i/sinclair/courses/cs552/spring2022/handouts/testprograms/public/inst_tests/st_0.asm SUCCESS CPI:5.2 CYCLES:31 ICOUNT:6 IHITRATE: 0 DHITRATE: 0
/u/s/i/sinclair/courses/cs552/spring2022/handouts/testprograms/public/inst_tests/st_1.asm SUCCESS CPI:5.2 CYCLES:31 ICOUNT:6 IHITRATE: 0 DHITRATE: 0
/u/s/i/sinclair/courses/cs552/spring2022/handouts/testprograms/public/inst_tests/st_10.asm SUCCESS CPI:6.5 CYCLES:26 ICOUNT:4 IHITRATE: 0 DHITRATE: 0
/u/s/i/sinclair/courses/cs552/spring2022/handouts/testprograms/public/inst_tests/st_2.asm SUCCESS CPI:5.2 CYCLES:31 ICOUNT:6 IHITRATE: 0 DHITRATE: 0
/u/s/i/sinclair/courses/cs552/spring2022/handouts/testprograms/public/inst_tests/st_3.asm SUCCESS CPI:4.7 CYCLES:33 ICOUNT:7 IHITRATE: 0 DHITRATE: 0
/u/s/i/sinclair/courses/cs552/spring2022/handouts/testprograms/public/inst_tests/st_4.asm SUCCESS CPI:6.5 CYCLES:26 ICOUNT:4 IHITRATE: 0 DHITRATE: 0
/u/s/i/sinclair/courses/cs552/spring2022/handouts/testprograms/public/inst_tests/st_5.asm SUCCESS CPI:6.5 CYCLES:26 ICOUNT:4 IHITRATE: 0 DHITRATE: 0
/u/s/i/sinclair/courses/cs552/spring2022/handouts/testprograms/public/inst_tests/st_6.asm SUCCESS CPI:6.5 CYCLES:26 ICOUNT:4 IHITRATE: 0 DHITRATE: 0
/u/s/i/sinclair/courses/cs552/spring2022/handouts/testprograms/public/inst_tests/st_7.asm SUCCESS CPI:6.5 CYCLES:26 ICOUNT:4 IHITRATE: 0 DHITRATE: 0
/u/s/i/sinclair/courses/cs552/spring2022/handouts/testprograms/public/inst_tests/st_8.asm SUCCESS CPI:6.5 CYCLES:26 ICOUNT:4 IHITRATE: 0 DHITRATE: 0
/u/s/i/sinclair/courses/cs552/spring2022/handouts/testprograms/public/inst_tests/st_9.asm SUCCESS CPI:6.5 CYCLES:26 ICOUNT:4 IHITRATE: 0 DHITRATE: 0
/u/s/i/sinclair/courses/cs552/spring2022/handouts/testprograms/public/inst_tests/stu_0.asm SUCCESS CPI:4.7 CYCLES:28 ICOUNT:6 IHITRATE: 0 DHITRATE: 0
/u/s/i/sinclair/courses/cs552/spring2022/handouts/testprograms/public/inst_tests/stu_1.asm SUCCESS CPI:4.7 CYCLES:28 ICOUNT:6 IHITRATE: 0 DHITRATE: 0
/u/s/i/sinclair/courses/cs552/spring2022/handouts/testprograms/public/inst_tests/stu_2.asm SUCCESS CPI:4.7 CYCLES:28 ICOUNT:6 IHITRATE: 0 DHITRATE: 0
/u/s/i/sinclair/courses/cs552/spring2022/handouts/testprograms/public/inst_tests/sub_0.asm SUCCESS CPI:5.4 CYCLES:27 ICOUNT:5 IHITRATE: 0 DHITRATE: 0
/u/s/i/sinclair/courses/cs552/spring2022/handouts/testprograms/public/inst_tests/sub_1.asm SUCCESS CPI:4.5 CYCLES:27 ICOUNT:6 IHITRATE: 0 DHITRATE: 0
/u/s/i/sinclair/courses/cs552/spring2022/handouts/testprograms/public/inst_tests/sub_2.asm SUCCESS CPI:4.7 CYCLES:19 ICOUNT:4 IHITRATE: 0 DHITRATE: 0
/u/s/i/sinclair/courses/cs552/spring2022/handouts/testprograms/public/inst_tests/sub_3.asm SUCCESS CPI:4.7 CYCLES:19 ICOUNT:4 IHITRATE: 0 DHITRATE: 0
/u/s/i/sinclair/courses/cs552/spring2022/handouts/testprograms/public/inst_tests/sub_4.asm SUCCESS CPI:4.7 CYCLES:19 ICOUNT:4 IHITRATE: 0 DHITRATE: 0
/u/s/i/sinclair/courses/cs552/spring2022/handouts/testprograms/public/inst_tests/sub_5.asm SUCCESS CPI:4.7 CYCLES:19 ICOUNT:4 IHITRATE: 0 DHITRATE: 0
/u/s/i/sinclair/courses/cs552/spring2022/handouts/testprograms/public/inst_tests/sub_6.asm SUCCESS CPI:6.0 CYCLES:18 ICOUNT:3 IHITRATE: 0 DHITRATE: 0
/u/s/i/sinclair/courses/cs552/spring2022/handouts/testprograms/public/inst_tests/sub_7.asm SUCCESS CPI:6.0 CYCLES:18 ICOUNT:3 IHITRATE: 0 DHITRATE: 0
/u/s/i/sinclair/courses/cs552/spring2022/handouts/testprograms/public/inst_tests/subi_0.asm SUCCESS CPI:6.0 CYCLES:18 ICOUNT:3 IHITRATE: 0 DHITRATE: 0
/u/s/i/sinclair/courses/cs552/spring2022/handouts/testprograms/public/inst_tests/subi_1.asm SUCCESS CPI:6.0 CYCLES:18 ICOUNT:3 IHITRATE: 0 DHITRATE: 0
/u/s/i/sinclair/courses/cs552/spring2022/handouts/testprograms/public/inst_tests/subi_2.asm SUCCESS CPI:6.0 CYCLES:18 ICOUNT:3 IHITRATE: 0 DHITRATE: 0
/u/s/i/sinclair/courses/cs552/spring2022/handouts/testprograms/public/inst_tests/xor_0.asm SUCCESS CPI:6.0 CYCLES:18 ICOUNT:3 IHITRATE: 0 DHITRATE: 0
/u/s/i/sinclair/courses/cs552/spring2022/handouts/testprograms/public/inst_tests/xor_1.asm SUCCESS CPI:4.7 CYCLES:19 ICOUNT:4 IHITRATE: 0 DHITRATE: 0
/u/s/i/sinclair/courses/cs552/spring2022/handouts/testprograms/public/inst_tests/xor_2.asm SUCCESS CPI:4.7 CYCLES:19 ICOUNT:4 IHITRATE: 0 DHITRATE: 0
/u/s/i/sinclair/courses/cs552/spring2022/handouts/testprograms/public/inst_tests/xor_3.asm SUCCESS CPI:4.7 CYCLES:19 ICOUNT:4 IHITRATE: 0 DHITRATE: 0
/u/s/i/sinclair/courses/cs552/spring2022/handouts/testprograms/public/inst_tests/xor_4.asm SUCCESS CPI:4.7 CYCLES:19 ICOUNT:4 IHITRATE: 0 DHITRATE: 0
/u/s/i/sinclair/courses/cs552/spring2022/handouts/testprograms/public/inst_tests/xor_5.asm SUCCESS CPI:6.0 CYCLES:18 ICOUNT:3 IHITRATE: 0 DHITRATE: 0
/u/s/i/sinclair/courses/cs552/spring2022/handouts/testprograms/public/inst_tests/xor_6.asm SUCCESS CPI:5.4 CYCLES:27 ICOUNT:5 IHITRATE: 0 DHITRATE: 0
/u/s/i/sinclair/courses/cs552/spring2022/handouts/testprograms/public/inst_tests/xori_0.asm SUCCESS CPI:6.0 CYCLES:18 ICOUNT:3 IHITRATE: 0 DHITRATE: 0
/u/s/i/sinclair/courses/cs552/spring2022/handouts/testprograms/public/inst_tests/xori_1.asm SUCCESS CPI:6.0 CYCLES:18 ICOUNT:3 IHITRATE: 0 DHITRATE: 0
/u/s/i/sinclair/courses/cs552/spring2022/handouts/testprograms/public/inst_tests/xori_10.asm SUCCESS CPI:6.0 CYCLES:18 ICOUNT:3 IHITRATE: 0 DHITRATE: 0
/u/s/i/sinclair/courses/cs552/spring2022/handouts/testprograms/public/inst_tests/xori_11.asm SUCCESS CPI:6.0 CYCLES:18 ICOUNT:3 IHITRATE: 0 DHITRATE: 0
/u/s/i/sinclair/courses/cs552/spring2022/handouts/testprograms/public/inst_tests/xori_12.asm SUCCESS CPI:6.0 CYCLES:18 ICOUNT:3 IHITRATE: 0 DHITRATE: 0
/u/s/i/sinclair/courses/cs552/spring2022/handouts/testprograms/public/inst_tests/xori_13.asm SUCCESS CPI:6.0 CYCLES:18 ICOUNT:3 IHITRATE: 0 DHITRATE: 0
/u/s/i/sinclair/courses/cs552/spring2022/handouts/testprograms/public/inst_tests/xori_2.asm SUCCESS CPI:6.0 CYCLES:18 ICOUNT:3 IHITRATE: 0 DHITRATE: 0
/u/s/i/sinclair/courses/cs552/spring2022/handouts/testprograms/public/inst_tests/xori_3.asm SUCCESS CPI:6.0 CYCLES:18 ICOUNT:3 IHITRATE: 0 DHITRATE: 0
/u/s/i/sinclair/courses/cs552/spring2022/handouts/testprograms/public/inst_tests/xori_4.asm SUCCESS CPI:6.0 CYCLES:18 ICOUNT:3 IHITRATE: 0 DHITRATE: 0
/u/s/i/sinclair/courses/cs552/spring2022/handouts/testprograms/public/inst_tests/xori_5.asm SUCCESS CPI:6.0 CYCLES:18 ICOUNT:3 IHITRATE: 0 DHITRATE: 0
/u/s/i/sinclair/courses/cs552/spring2022/handouts/testprograms/public/inst_tests/xori_6.asm SUCCESS CPI:6.0 CYCLES:18 ICOUNT:3 IHITRATE: 0 DHITRATE: 0
/u/s/i/sinclair/courses/cs552/spring2022/handouts/testprograms/public/inst_tests/xori_7.asm SUCCESS CPI:6.0 CYCLES:18 ICOUNT:3 IHITRATE: 0 DHITRATE: 0
/u/s/i/sinclair/courses/cs552/spring2022/handouts/testprograms/public/inst_tests/xori_8.asm SUCCESS CPI:6.0 CYCLES:18 ICOUNT:3 IHITRATE: 0 DHITRATE: 0
/u/s/i/sinclair/courses/cs552/spring2022/handouts/testprograms/public/inst_tests/xori_9.asm SUCCESS CPI:6.0 CYCLES:18 ICOUNT:3 IHITRATE: 0 DHITRATE: 0
/u/s/i/sinclair/courses/cs552/spring2022/handouts/testprograms/public/rand_complex/t_1_all.asm SUCCESS CPI:3.7 CYCLES:2383 ICOUNT:646 IHITRATE: 0 DHITRATE: 0
/u/s/i/sinclair/courses/cs552/spring2022/handouts/testprograms/public/rand_complex/t_2_all.asm SUCCESS CPI:3.7 CYCLES:1969 ICOUNT:532 IHITRATE: 0 DHITRATE: 0
/u/s/i/sinclair/courses/cs552/spring2022/handouts/testprograms/public/rand_complex/t_3_all.asm SUCCESS CPI:4.2 CYCLES:1592 ICOUNT:381 IHITRATE: 0 DHITRATE: 0
/u/s/i/sinclair/courses/cs552/spring2022/handouts/testprograms/public/rand_complex/t_4_all.asm SUCCESS CPI:3.8 CYCLES:2203 ICOUNT:576 IHITRATE: 0 DHITRATE: 0
/u/s/i/sinclair/courses/cs552/spring2022/handouts/testprograms/public/rand_complex/t_5_all.asm SUCCESS CPI:4.0 CYCLES:2164 ICOUNT:546 IHITRATE: 0 DHITRATE: 0
/u/s/i/sinclair/courses/cs552/spring2022/handouts/testprograms/public/rand_complex/t_6_all.asm SUCCESS CPI:3.6 CYCLES:2384 ICOUNT:662 IHITRATE: 0 DHITRATE: 0
/u/s/i/sinclair/courses/cs552/spring2022/handouts/testprograms/public/rand_complex/t_7_all.asm SUCCESS CPI:3.8 CYCLES:1821 ICOUNT:475 IHITRATE: 0 DHITRATE: 0
/u/s/i/sinclair/courses/cs552/spring2022/handouts/testprograms/public/rand_complex/t_8_all.asm SUCCESS CPI:3.7 CYCLES:1900 ICOUNT:510 IHITRATE: 0 DHITRATE: 0
/u/s/i/sinclair/courses/cs552/spring2022/handouts/testprograms/public/rand_ctrl/t_1_ctrl.asm SUCCESS CPI:4.0 CYCLES:2175 ICOUNT:550 IHITRATE: 0 DHITRATE: 0
/u/s/i/sinclair/courses/cs552/spring2022/handouts/testprograms/public/rand_ctrl/t_2_ctrl.asm SUCCESS CPI:3.8 CYCLES:2284 ICOUNT:594 IHITRATE: 0 DHITRATE: 0
/u/s/i/sinclair/courses/cs552/spring2022/handouts/testprograms/public/rand_ctrl/t_3_ctrl.asm SUCCESS CPI:3.7 CYCLES:2306 ICOUNT:615 IHITRATE: 0 DHITRATE: 0
/u/s/i/sinclair/courses/cs552/spring2022/handouts/testprograms/public/rand_ctrl/t_4_ctrl.asm SUCCESS CPI:4.4 CYCLES:2072 ICOUNT:473 IHITRATE: 0 DHITRATE: 0
/u/s/i/sinclair/courses/cs552/spring2022/handouts/testprograms/public/rand_ctrl/t_5_ctrl.asm SUCCESS CPI:3.9 CYCLES:2211 ICOUNT:566 IHITRATE: 0 DHITRATE: 0
/u/s/i/sinclair/courses/cs552/spring2022/handouts/testprograms/public/rand_ctrl/t_6_ctrl.asm SUCCESS CPI:3.9 CYCLES:2308 ICOUNT:593 IHITRATE: 0 DHITRATE: 0
/u/s/i/sinclair/courses/cs552/spring2022/handouts/testprograms/public/rand_ctrl/t_7_ctrl.asm SUCCESS CPI:3.8 CYCLES:2279 ICOUNT:606 IHITRATE: 0 DHITRATE: 0
/u/s/i/sinclair/courses/cs552/spring2022/handouts/testprograms/public/rand_ctrl/t_8_ctrl.asm SUCCESS CPI:4.4 CYCLES:2075 ICOUNT:472 IHITRATE: 0 DHITRATE: 0
/u/s/i/sinclair/courses/cs552/spring2022/handouts/testprograms/public/rand_mem/t_1_mem.asm SUCCESS CPI:4.3 CYCLES:2966 ICOUNT:689 IHITRATE: 0 DHITRATE: 0
/u/s/i/sinclair/courses/cs552/spring2022/handouts/testprograms/public/rand_mem/t_2_mem.asm SUCCESS CPI:4.4 CYCLES:2947 ICOUNT:673 IHITRATE: 0 DHITRATE: 0
/u/s/i/sinclair/courses/cs552/spring2022/handouts/testprograms/public/rand_mem/t_3_mem.asm SUCCESS CPI:4.4 CYCLES:2973 ICOUNT:676 IHITRATE: 0 DHITRATE: 0
/u/s/i/sinclair/courses/cs552/spring2022/handouts/testprograms/public/rand_mem/t_4_mem.asm SUCCESS CPI:4.4 CYCLES:2932 ICOUNT:667 IHITRATE: 0 DHITRATE: 0
/u/s/i/sinclair/courses/cs552/spring2022/handouts/testprograms/public/rand_mem/t_5_mem.asm SUCCESS CPI:4.5 CYCLES:2956 ICOUNT:662 IHITRATE: 0 DHITRATE: 0
/u/s/i/sinclair/courses/cs552/spring2022/handouts/testprograms/public/rand_mem/t_6_mem.asm SUCCESS CPI:4.3 CYCLES:2929 ICOUNT:689 IHITRATE: 0 DHITRATE: 0
/u/s/i/sinclair/courses/cs552/spring2022/handouts/testprograms/public/rand_mem/t_7_mem.asm SUCCESS CPI:4.3 CYCLES:2977 ICOUNT:695 IHITRATE: 0 DHITRATE: 0
/u/s/i/sinclair/courses/cs552/spring2022/handouts/testprograms/public/rand_mem/t_8_mem.asm SUCCESS CPI:4.5 CYCLES:2989 ICOUNT:661 IHITRATE: 0 DHITRATE: 0
/u/s/i/sinclair/courses/cs552/spring2022/handouts/testprograms/public/rand_simple/t_1_add.asm SUCCESS CPI:3.3 CYCLES:109 ICOUNT:33 IHITRATE: 0 DHITRATE: 0
/u/s/i/sinclair/courses/cs552/spring2022/handouts/testprograms/public/rand_simple/t_1_addi.asm SUCCESS CPI:3.3 CYCLES:108 ICOUNT:33 IHITRATE: 0 DHITRATE: 0
/u/s/i/sinclair/courses/cs552/spring2022/handouts/testprograms/public/rand_simple/t_1_andn.asm SUCCESS CPI:3.4 CYCLES:111 ICOUNT:33 IHITRATE: 0 DHITRATE: 0
/u/s/i/sinclair/courses/cs552/spring2022/handouts/testprograms/public/rand_simple/t_1_andni.asm SUCCESS CPI:3.3 CYCLES:108 ICOUNT:33 IHITRATE: 0 DHITRATE: 0
/u/s/i/sinclair/courses/cs552/spring2022/handouts/testprograms/public/rand_simple/t_1_beqz.asm SUCCESS CPI:45.1 CYCLES:857 ICOUNT:19 IHITRATE: 0 DHITRATE: 0
/u/s/i/sinclair/courses/cs552/spring2022/handouts/testprograms/public/rand_simple/t_1_bgez.asm SUCCESS CPI:33.8 CYCLES:643 ICOUNT:19 IHITRATE: 0 DHITRATE: 0
/u/s/i/sinclair/courses/cs552/spring2022/handouts/testprograms/public/rand_simple/t_1_bltz.asm SUCCESS CPI:42.3 CYCLES:805 ICOUNT:19 IHITRATE: 0 DHITRATE: 0
/u/s/i/sinclair/courses/cs552/spring2022/handouts/testprograms/public/rand_simple/t_1_bnez.asm SUCCESS CPI:36.8 CYCLES:700 ICOUNT:19 IHITRATE: 0 DHITRATE: 0
/u/s/i/sinclair/courses/cs552/spring2022/handouts/testprograms/public/rand_simple/t_1_btr.asm SUCCESS CPI:4.6 CYCLES:151 ICOUNT:33 IHITRATE: 0 DHITRATE: 0
/u/s/i/sinclair/courses/cs552/spring2022/handouts/testprograms/public/rand_simple/t_1_j.asm SUCCESS CPI:192.1 CYCLES:194 ICOUNT:1 IHITRATE: 0 DHITRATE: 0
/u/s/i/sinclair/courses/cs552/spring2022/handouts/testprograms/public/rand_simple/t_1_jal.asm SUCCESS CPI:9.8 CYCLES:166 ICOUNT:17 IHITRATE: 0 DHITRATE: 0
/u/s/i/sinclair/courses/cs552/spring2022/handouts/testprograms/public/rand_simple/t_1_jalr.asm SUCCESS CPI:7.6 CYCLES:492 ICOUNT:65 IHITRATE: 0 DHITRATE: 0
/u/s/i/sinclair/courses/cs552/spring2022/handouts/testprograms/public/rand_simple/t_1_jr.asm SUCCESS CPI:7.8 CYCLES:508 ICOUNT:65 IHITRATE: 0 DHITRATE: 0
/u/s/i/sinclair/courses/cs552/spring2022/handouts/testprograms/public/rand_simple/t_1_lbi.asm SUCCESS CPI:3.2 CYCLES:107 ICOUNT:33 IHITRATE: 0 DHITRATE: 0
/u/s/i/sinclair/courses/cs552/spring2022/handouts/testprograms/public/rand_simple/t_1_ld.asm SUCCESS CPI:4.0 CYCLES:197 ICOUNT:49 IHITRATE: 0 DHITRATE: 0
/u/s/i/sinclair/courses/cs552/spring2022/handouts/testprograms/public/rand_simple/t_1_rol.asm SUCCESS CPI:3.3 CYCLES:109 ICOUNT:33 IHITRATE: 0 DHITRATE: 0
/u/s/i/sinclair/courses/cs552/spring2022/handouts/testprograms/public/rand_simple/t_1_roli.asm SUCCESS CPI:3.3 CYCLES:109 ICOUNT:33 IHITRATE: 0 DHITRATE: 0
/u/s/i/sinclair/courses/cs552/spring2022/handouts/testprograms/public/rand_simple/t_1_ror.asm SUCCESS CPI:3.4 CYCLES:111 ICOUNT:33 IHITRATE: 0 DHITRATE: 0
/u/s/i/sinclair/courses/cs552/spring2022/handouts/testprograms/public/rand_simple/t_1_rori.asm SUCCESS CPI:3.3 CYCLES:109 ICOUNT:33 IHITRATE: 0 DHITRATE: 0
/u/s/i/sinclair/courses/cs552/spring2022/handouts/testprograms/public/rand_simple/t_1_sco.asm SUCCESS CPI:3.3 CYCLES:109 ICOUNT:33 IHITRATE: 0 DHITRATE: 0
/u/s/i/sinclair/courses/cs552/spring2022/handouts/testprograms/public/rand_simple/t_1_seq.asm SUCCESS CPI:3.3 CYCLES:109 ICOUNT:33 IHITRATE: 0 DHITRATE: 0
/u/s/i/sinclair/courses/cs552/spring2022/handouts/testprograms/public/rand_simple/t_1_slbi.asm SUCCESS CPI:3.3 CYCLES:108 ICOUNT:33 IHITRATE: 0 DHITRATE: 0
/u/s/i/sinclair/courses/cs552/spring2022/handouts/testprograms/public/rand_simple/t_1_sle.asm SUCCESS CPI:3.3 CYCLES:110 ICOUNT:33 IHITRATE: 0 DHITRATE: 0
/u/s/i/sinclair/courses/cs552/spring2022/handouts/testprograms/public/rand_simple/t_1_sll.asm SUCCESS CPI:3.3 CYCLES:109 ICOUNT:33 IHITRATE: 0 DHITRATE: 0
/u/s/i/sinclair/courses/cs552/spring2022/handouts/testprograms/public/rand_simple/t_1_slli.asm SUCCESS CPI:3.3 CYCLES:108 ICOUNT:33 IHITRATE: 0 DHITRATE: 0
/u/s/i/sinclair/courses/cs552/spring2022/handouts/testprograms/public/rand_simple/t_1_slt.asm SUCCESS CPI:3.4 CYCLES:111 ICOUNT:33 IHITRATE: 0 DHITRATE: 0
/u/s/i/sinclair/courses/cs552/spring2022/handouts/testprograms/public/rand_simple/t_1_srl.asm SUCCESS CPI:3.3 CYCLES:110 ICOUNT:33 IHITRATE: 0 DHITRATE: 0
/u/s/i/sinclair/courses/cs552/spring2022/handouts/testprograms/public/rand_simple/t_1_srli.asm SUCCESS CPI:3.3 CYCLES:108 ICOUNT:33 IHITRATE: 0 DHITRATE: 0
/u/s/i/sinclair/courses/cs552/spring2022/handouts/testprograms/public/rand_simple/t_1_st.asm SUCCESS CPI:4.1 CYCLES:202 ICOUNT:49 IHITRATE: 0 DHITRATE: 0
/u/s/i/sinclair/courses/cs552/spring2022/handouts/testprograms/public/rand_simple/t_1_stu.asm SUCCESS CPI:3.2 CYCLES:199 ICOUNT:62 IHITRATE: 0 DHITRATE: 0
/u/s/i/sinclair/courses/cs552/spring2022/handouts/testprograms/public/rand_simple/t_1_sub.asm SUCCESS CPI:3.2 CYCLES:107 ICOUNT:33 IHITRATE: 0 DHITRATE: 0
/u/s/i/sinclair/courses/cs552/spring2022/handouts/testprograms/public/rand_simple/t_1_subi.asm SUCCESS CPI:3.3 CYCLES:110 ICOUNT:33 IHITRATE: 0 DHITRATE: 0
/u/s/i/sinclair/courses/cs552/spring2022/handouts/testprograms/public/rand_simple/t_1_xor.asm SUCCESS CPI:3.3 CYCLES:110 ICOUNT:33 IHITRATE: 0 DHITRATE: 0
/u/s/i/sinclair/courses/cs552/spring2022/handouts/testprograms/public/rand_simple/t_1_xori.asm SUCCESS CPI:3.3 CYCLES:108 ICOUNT:33 IHITRATE: 0 DHITRATE: 0
/u/s/i/sinclair/courses/cs552/spring2022/handouts/testprograms/public/rand_simple/t_2_add.asm SUCCESS CPI:3.3 CYCLES:108 ICOUNT:33 IHITRATE: 0 DHITRATE: 0
/u/s/i/sinclair/courses/cs552/spring2022/handouts/testprograms/public/rand_simple/t_2_addi.asm SUCCESS CPI:3.3 CYCLES:109 ICOUNT:33 IHITRATE: 0 DHITRATE: 0
/u/s/i/sinclair/courses/cs552/spring2022/handouts/testprograms/public/rand_simple/t_2_andn.asm SUCCESS CPI:3.3 CYCLES:110 ICOUNT:33 IHITRATE: 0 DHITRATE: 0
/u/s/i/sinclair/courses/cs552/spring2022/handouts/testprograms/public/rand_simple/t_2_andni.asm SUCCESS CPI:3.3 CYCLES:109 ICOUNT:33 IHITRATE: 0 DHITRATE: 0
/u/s/i/sinclair/courses/cs552/spring2022/handouts/testprograms/public/rand_simple/t_2_beqz.asm SUCCESS CPI:42.4 CYCLES:806 ICOUNT:19 IHITRATE: 0 DHITRATE: 0
/u/s/i/sinclair/courses/cs552/spring2022/handouts/testprograms/public/rand_simple/t_2_bgez.asm SUCCESS CPI:36.9 CYCLES:702 ICOUNT:19 IHITRATE: 0 DHITRATE: 0
/u/s/i/sinclair/courses/cs552/spring2022/handouts/testprograms/public/rand_simple/t_2_bltz.asm SUCCESS CPI:39.1 CYCLES:744 ICOUNT:19 IHITRATE: 0 DHITRATE: 0
/u/s/i/sinclair/courses/cs552/spring2022/handouts/testprograms/public/rand_simple/t_2_bnez.asm SUCCESS CPI:38.5 CYCLES:731 ICOUNT:19 IHITRATE: 0 DHITRATE: 0
/u/s/i/sinclair/courses/cs552/spring2022/handouts/testprograms/public/rand_simple/t_2_btr.asm SUCCESS CPI:4.6 CYCLES:151 ICOUNT:33 IHITRATE: 0 DHITRATE: 0
/u/s/i/sinclair/courses/cs552/spring2022/handouts/testprograms/public/rand_simple/t_2_j.asm SUCCESS CPI:185.1 CYCLES:187 ICOUNT:1 IHITRATE: 0 DHITRATE: 0
/u/s/i/sinclair/courses/cs552/spring2022/handouts/testprograms/public/rand_simple/t_2_jal.asm SUCCESS CPI:11.0 CYCLES:187 ICOUNT:17 IHITRATE: 0 DHITRATE: 0
/u/s/i/sinclair/courses/cs552/spring2022/handouts/testprograms/public/rand_simple/t_2_jalr.asm SUCCESS CPI:8.0 CYCLES:517 ICOUNT:65 IHITRATE: 0 DHITRATE: 0
/u/s/i/sinclair/courses/cs552/spring2022/handouts/testprograms/public/rand_simple/t_2_jr.asm SUCCESS CPI:7.6 CYCLES:494 ICOUNT:65 IHITRATE: 0 DHITRATE: 0
/u/s/i/sinclair/courses/cs552/spring2022/handouts/testprograms/public/rand_simple/t_2_lbi.asm SUCCESS CPI:3.2 CYCLES:107 ICOUNT:33 IHITRATE: 0 DHITRATE: 0
/u/s/i/sinclair/courses/cs552/spring2022/handouts/testprograms/public/rand_simple/t_2_ld.asm SUCCESS CPI:3.9 CYCLES:191 ICOUNT:49 IHITRATE: 0 DHITRATE: 0
/u/s/i/sinclair/courses/cs552/spring2022/handouts/testprograms/public/rand_simple/t_2_rol.asm SUCCESS CPI:3.3 CYCLES:108 ICOUNT:33 IHITRATE: 0 DHITRATE: 0
/u/s/i/sinclair/courses/cs552/spring2022/handouts/testprograms/public/rand_simple/t_2_roli.asm SUCCESS CPI:3.2 CYCLES:107 ICOUNT:33 IHITRATE: 0 DHITRATE: 0
/u/s/i/sinclair/courses/cs552/spring2022/handouts/testprograms/public/rand_simple/t_2_ror.asm SUCCESS CPI:3.3 CYCLES:109 ICOUNT:33 IHITRATE: 0 DHITRATE: 0
/u/s/i/sinclair/courses/cs552/spring2022/handouts/testprograms/public/rand_simple/t_2_rori.asm SUCCESS CPI:3.3 CYCLES:109 ICOUNT:33 IHITRATE: 0 DHITRATE: 0
/u/s/i/sinclair/courses/cs552/spring2022/handouts/testprograms/public/rand_simple/t_2_sco.asm SUCCESS CPI:3.3 CYCLES:110 ICOUNT:33 IHITRATE: 0 DHITRATE: 0
/u/s/i/sinclair/courses/cs552/spring2022/handouts/testprograms/public/rand_simple/t_2_seq.asm SUCCESS CPI:3.3 CYCLES:109 ICOUNT:33 IHITRATE: 0 DHITRATE: 0
/u/s/i/sinclair/courses/cs552/spring2022/handouts/testprograms/public/rand_simple/t_2_slbi.asm SUCCESS CPI:3.3 CYCLES:109 ICOUNT:33 IHITRATE: 0 DHITRATE: 0
/u/s/i/sinclair/courses/cs552/spring2022/handouts/testprograms/public/rand_simple/t_2_sle.asm SUCCESS CPI:3.3 CYCLES:110 ICOUNT:33 IHITRATE: 0 DHITRATE: 0
/u/s/i/sinclair/courses/cs552/spring2022/handouts/testprograms/public/rand_simple/t_2_sll.asm SUCCESS CPI:3.3 CYCLES:108 ICOUNT:33 IHITRATE: 0 DHITRATE: 0
/u/s/i/sinclair/courses/cs552/spring2022/handouts/testprograms/public/rand_simple/t_2_slli.asm SUCCESS CPI:3.3 CYCLES:109 ICOUNT:33 IHITRATE: 0 DHITRATE: 0
/u/s/i/sinclair/courses/cs552/spring2022/handouts/testprograms/public/rand_simple/t_2_slt.asm SUCCESS CPI:3.3 CYCLES:109 ICOUNT:33 IHITRATE: 0 DHITRATE: 0
/u/s/i/sinclair/courses/cs552/spring2022/handouts/testprograms/public/rand_simple/t_2_srl.asm SUCCESS CPI:3.3 CYCLES:110 ICOUNT:33 IHITRATE: 0 DHITRATE: 0
/u/s/i/sinclair/courses/cs552/spring2022/handouts/testprograms/public/rand_simple/t_2_srli.asm SUCCESS CPI:3.3 CYCLES:108 ICOUNT:33 IHITRATE: 0 DHITRATE: 0
/u/s/i/sinclair/courses/cs552/spring2022/handouts/testprograms/public/rand_simple/t_2_st.asm SUCCESS CPI:3.9 CYCLES:191 ICOUNT:49 IHITRATE: 0 DHITRATE: 0
/u/s/i/sinclair/courses/cs552/spring2022/handouts/testprograms/public/rand_simple/t_2_stu.asm SUCCESS CPI:3.2 CYCLES:202 ICOUNT:63 IHITRATE: 0 DHITRATE: 0
/u/s/i/sinclair/courses/cs552/spring2022/handouts/testprograms/public/rand_simple/t_2_sub.asm SUCCESS CPI:3.3 CYCLES:110 ICOUNT:33 IHITRATE: 0 DHITRATE: 0
/u/s/i/sinclair/courses/cs552/spring2022/handouts/testprograms/public/rand_simple/t_2_subi.asm SUCCESS CPI:3.3 CYCLES:108 ICOUNT:33 IHITRATE: 0 DHITRATE: 0
/u/s/i/sinclair/courses/cs552/spring2022/handouts/testprograms/public/rand_simple/t_2_xor.asm SUCCESS CPI:3.3 CYCLES:108 ICOUNT:33 IHITRATE: 0 DHITRATE: 0
/u/s/i/sinclair/courses/cs552/spring2022/handouts/testprograms/public/rand_simple/t_2_xori.asm SUCCESS CPI:3.3 CYCLES:110 ICOUNT:33 IHITRATE: 0 DHITRATE: 0
/u/s/i/sinclair/courses/cs552/spring2022/handouts/testprograms/public/rand_simple/t_3_add.asm SUCCESS CPI:3.4 CYCLES:111 ICOUNT:33 IHITRATE: 0 DHITRATE: 0
/u/s/i/sinclair/courses/cs552/spring2022/handouts/testprograms/public/rand_simple/t_3_addi.asm SUCCESS CPI:3.3 CYCLES:109 ICOUNT:33 IHITRATE: 0 DHITRATE: 0
/u/s/i/sinclair/courses/cs552/spring2022/handouts/testprograms/public/rand_simple/t_3_andn.asm SUCCESS CPI:3.3 CYCLES:110 ICOUNT:33 IHITRATE: 0 DHITRATE: 0
/u/s/i/sinclair/courses/cs552/spring2022/handouts/testprograms/public/rand_simple/t_3_andni.asm SUCCESS CPI:3.3 CYCLES:109 ICOUNT:33 IHITRATE: 0 DHITRATE: 0
/u/s/i/sinclair/courses/cs552/spring2022/handouts/testprograms/public/rand_simple/t_3_beqz.asm SUCCESS CPI:44.9 CYCLES:853 ICOUNT:19 IHITRATE: 0 DHITRATE: 0
/u/s/i/sinclair/courses/cs552/spring2022/handouts/testprograms/public/rand_simple/t_3_bgez.asm SUCCESS CPI:31.6 CYCLES:600 ICOUNT:19 IHITRATE: 0 DHITRATE: 0
/u/s/i/sinclair/courses/cs552/spring2022/handouts/testprograms/public/rand_simple/t_3_bltz.asm SUCCESS CPI:26.4 CYCLES:501 ICOUNT:19 IHITRATE: 0 DHITRATE: 0
/u/s/i/sinclair/courses/cs552/spring2022/handouts/testprograms/public/rand_simple/t_3_bnez.asm SUCCESS CPI:32.7 CYCLES:622 ICOUNT:19 IHITRATE: 0 DHITRATE: 0
/u/s/i/sinclair/courses/cs552/spring2022/handouts/testprograms/public/rand_simple/t_3_btr.asm SUCCESS CPI:4.6 CYCLES:151 ICOUNT:33 IHITRATE: 0 DHITRATE: 0
/u/s/i/sinclair/courses/cs552/spring2022/handouts/testprograms/public/rand_simple/t_3_j.asm SUCCESS CPI:157.4 CYCLES:159 ICOUNT:1 IHITRATE: 0 DHITRATE: 0
/u/s/i/sinclair/courses/cs552/spring2022/handouts/testprograms/public/rand_simple/t_3_jal.asm SUCCESS CPI:8.5 CYCLES:145 ICOUNT:17 IHITRATE: 0 DHITRATE: 0
/u/s/i/sinclair/courses/cs552/spring2022/handouts/testprograms/public/rand_simple/t_3_jalr.asm SUCCESS CPI:7.7 CYCLES:501 ICOUNT:65 IHITRATE: 0 DHITRATE: 0
/u/s/i/sinclair/courses/cs552/spring2022/handouts/testprograms/public/rand_simple/t_3_jr.asm SUCCESS CPI:7.6 CYCLES:491 ICOUNT:65 IHITRATE: 0 DHITRATE: 0
/u/s/i/sinclair/courses/cs552/spring2022/handouts/testprograms/public/rand_simple/t_3_lbi.asm SUCCESS CPI:3.2 CYCLES:107 ICOUNT:33 IHITRATE: 0 DHITRATE: 0
/u/s/i/sinclair/courses/cs552/spring2022/handouts/testprograms/public/rand_simple/t_3_ld.asm SUCCESS CPI:4.0 CYCLES:197 ICOUNT:49 IHITRATE: 0 DHITRATE: 0
/u/s/i/sinclair/courses/cs552/spring2022/handouts/testprograms/public/rand_simple/t_3_rol.asm SUCCESS CPI:3.3 CYCLES:110 ICOUNT:33 IHITRATE: 0 DHITRATE: 0
/u/s/i/sinclair/courses/cs552/spring2022/handouts/testprograms/public/rand_simple/t_3_roli.asm SUCCESS CPI:3.3 CYCLES:108 ICOUNT:33 IHITRATE: 0 DHITRATE: 0
/u/s/i/sinclair/courses/cs552/spring2022/handouts/testprograms/public/rand_simple/t_3_ror.asm SUCCESS CPI:3.3 CYCLES:109 ICOUNT:33 IHITRATE: 0 DHITRATE: 0
/u/s/i/sinclair/courses/cs552/spring2022/handouts/testprograms/public/rand_simple/t_3_rori.asm SUCCESS CPI:3.2 CYCLES:107 ICOUNT:33 IHITRATE: 0 DHITRATE: 0
/u/s/i/sinclair/courses/cs552/spring2022/handouts/testprograms/public/rand_simple/t_3_sco.asm SUCCESS CPI:3.3 CYCLES:109 ICOUNT:33 IHITRATE: 0 DHITRATE: 0
/u/s/i/sinclair/courses/cs552/spring2022/handouts/testprograms/public/rand_simple/t_3_seq.asm SUCCESS CPI:3.3 CYCLES:109 ICOUNT:33 IHITRATE: 0 DHITRATE: 0
/u/s/i/sinclair/courses/cs552/spring2022/handouts/testprograms/public/rand_simple/t_3_slbi.asm SUCCESS CPI:3.3 CYCLES:109 ICOUNT:33 IHITRATE: 0 DHITRATE: 0
/u/s/i/sinclair/courses/cs552/spring2022/handouts/testprograms/public/rand_simple/t_3_sle.asm SUCCESS CPI:3.3 CYCLES:109 ICOUNT:33 IHITRATE: 0 DHITRATE: 0
/u/s/i/sinclair/courses/cs552/spring2022/handouts/testprograms/public/rand_simple/t_3_sll.asm SUCCESS CPI:3.3 CYCLES:109 ICOUNT:33 IHITRATE: 0 DHITRATE: 0
/u/s/i/sinclair/courses/cs552/spring2022/handouts/testprograms/public/rand_simple/t_3_slli.asm SUCCESS CPI:3.3 CYCLES:109 ICOUNT:33 IHITRATE: 0 DHITRATE: 0
/u/s/i/sinclair/courses/cs552/spring2022/handouts/testprograms/public/rand_simple/t_3_slt.asm SUCCESS CPI:3.3 CYCLES:109 ICOUNT:33 IHITRATE: 0 DHITRATE: 0
/u/s/i/sinclair/courses/cs552/spring2022/handouts/testprograms/public/rand_simple/t_3_srl.asm SUCCESS CPI:3.3 CYCLES:109 ICOUNT:33 IHITRATE: 0 DHITRATE: 0
/u/s/i/sinclair/courses/cs552/spring2022/handouts/testprograms/public/rand_simple/t_3_srli.asm SUCCESS CPI:3.3 CYCLES:108 ICOUNT:33 IHITRATE: 0 DHITRATE: 0
/u/s/i/sinclair/courses/cs552/spring2022/handouts/testprograms/public/rand_simple/t_3_st.asm SUCCESS CPI:4.1 CYCLES:203 ICOUNT:49 IHITRATE: 0 DHITRATE: 0
/u/s/i/sinclair/courses/cs552/spring2022/handouts/testprograms/public/rand_simple/t_3_stu.asm SUCCESS CPI:3.2 CYCLES:208 ICOUNT:64 IHITRATE: 0 DHITRATE: 0
/u/s/i/sinclair/courses/cs552/spring2022/handouts/testprograms/public/rand_simple/t_3_sub.asm SUCCESS CPI:3.3 CYCLES:110 ICOUNT:33 IHITRATE: 0 DHITRATE: 0
/u/s/i/sinclair/courses/cs552/spring2022/handouts/testprograms/public/rand_simple/t_3_subi.asm SUCCESS CPI:3.3 CYCLES:108 ICOUNT:33 IHITRATE: 0 DHITRATE: 0
/u/s/i/sinclair/courses/cs552/spring2022/handouts/testprograms/public/rand_simple/t_3_xor.asm SUCCESS CPI:3.3 CYCLES:109 ICOUNT:33 IHITRATE: 0 DHITRATE: 0
/u/s/i/sinclair/courses/cs552/spring2022/handouts/testprograms/public/rand_simple/t_3_xori.asm SUCCESS CPI:3.3 CYCLES:108 ICOUNT:33 IHITRATE: 0 DHITRATE: 0
/u/s/i/sinclair/courses/cs552/spring2022/handouts/testprograms/public/rand_simple/t_4_add.asm SUCCESS CPI:3.4 CYCLES:111 ICOUNT:33 IHITRATE: 0 DHITRATE: 0
/u/s/i/sinclair/courses/cs552/spring2022/handouts/testprograms/public/rand_simple/t_4_addi.asm SUCCESS CPI:3.3 CYCLES:108 ICOUNT:33 IHITRATE: 0 DHITRATE: 0
/u/s/i/sinclair/courses/cs552/spring2022/handouts/testprograms/public/rand_simple/t_4_andn.asm SUCCESS CPI:3.3 CYCLES:108 ICOUNT:33 IHITRATE: 0 DHITRATE: 0
/u/s/i/sinclair/courses/cs552/spring2022/handouts/testprograms/public/rand_simple/t_4_andni.asm SUCCESS CPI:3.3 CYCLES:108 ICOUNT:33 IHITRATE: 0 DHITRATE: 0
/u/s/i/sinclair/courses/cs552/spring2022/handouts/testprograms/public/rand_simple/t_4_beqz.asm SUCCESS CPI:42.9 CYCLES:815 ICOUNT:19 IHITRATE: 0 DHITRATE: 0
/u/s/i/sinclair/courses/cs552/spring2022/handouts/testprograms/public/rand_simple/t_4_bgez.asm SUCCESS CPI:36.1 CYCLES:687 ICOUNT:19 IHITRATE: 0 DHITRATE: 0
/u/s/i/sinclair/courses/cs552/spring2022/handouts/testprograms/public/rand_simple/t_4_bltz.asm SUCCESS CPI:40.0 CYCLES:760 ICOUNT:19 IHITRATE: 0 DHITRATE: 0
/u/s/i/sinclair/courses/cs552/spring2022/handouts/testprograms/public/rand_simple/t_4_bnez.asm SUCCESS CPI:38.0 CYCLES:722 ICOUNT:19 IHITRATE: 0 DHITRATE: 0
/u/s/i/sinclair/courses/cs552/spring2022/handouts/testprograms/public/rand_simple/t_4_btr.asm SUCCESS CPI:4.6 CYCLES:151 ICOUNT:33 IHITRATE: 0 DHITRATE: 0
/u/s/i/sinclair/courses/cs552/spring2022/handouts/testprograms/public/rand_simple/t_4_j.asm SUCCESS CPI:178.2 CYCLES:180 ICOUNT:1 IHITRATE: 0 DHITRATE: 0
/u/s/i/sinclair/courses/cs552/spring2022/handouts/testprograms/public/rand_simple/t_4_jal.asm SUCCESS CPI:10.6 CYCLES:180 ICOUNT:17 IHITRATE: 0 DHITRATE: 0
/u/s/i/sinclair/courses/cs552/spring2022/handouts/testprograms/public/rand_simple/t_4_jalr.asm SUCCESS CPI:7.8 CYCLES:507 ICOUNT:65 IHITRATE: 0 DHITRATE: 0
/u/s/i/sinclair/courses/cs552/spring2022/handouts/testprograms/public/rand_simple/t_4_jr.asm SUCCESS CPI:7.5 CYCLES:487 ICOUNT:65 IHITRATE: 0 DHITRATE: 0
/u/s/i/sinclair/courses/cs552/spring2022/handouts/testprograms/public/rand_simple/t_4_lbi.asm SUCCESS CPI:3.2 CYCLES:107 ICOUNT:33 IHITRATE: 0 DHITRATE: 0
/u/s/i/sinclair/courses/cs552/spring2022/handouts/testprograms/public/rand_simple/t_4_ld.asm SUCCESS CPI:4.2 CYCLES:206 ICOUNT:49 IHITRATE: 0 DHITRATE: 0
/u/s/i/sinclair/courses/cs552/spring2022/handouts/testprograms/public/rand_simple/t_4_rol.asm SUCCESS CPI:3.3 CYCLES:110 ICOUNT:33 IHITRATE: 0 DHITRATE: 0
/u/s/i/sinclair/courses/cs552/spring2022/handouts/testprograms/public/rand_simple/t_4_roli.asm SUCCESS CPI:3.4 CYCLES:111 ICOUNT:33 IHITRATE: 0 DHITRATE: 0
/u/s/i/sinclair/courses/cs552/spring2022/handouts/testprograms/public/rand_simple/t_4_ror.asm SUCCESS CPI:3.3 CYCLES:109 ICOUNT:33 IHITRATE: 0 DHITRATE: 0
/u/s/i/sinclair/courses/cs552/spring2022/handouts/testprograms/public/rand_simple/t_4_rori.asm SUCCESS CPI:3.3 CYCLES:108 ICOUNT:33 IHITRATE: 0 DHITRATE: 0
/u/s/i/sinclair/courses/cs552/spring2022/handouts/testprograms/public/rand_simple/t_4_sco.asm SUCCESS CPI:3.3 CYCLES:109 ICOUNT:33 IHITRATE: 0 DHITRATE: 0
/u/s/i/sinclair/courses/cs552/spring2022/handouts/testprograms/public/rand_simple/t_4_seq.asm SUCCESS CPI:3.3 CYCLES:109 ICOUNT:33 IHITRATE: 0 DHITRATE: 0
/u/s/i/sinclair/courses/cs552/spring2022/handouts/testprograms/public/rand_simple/t_4_slbi.asm SUCCESS CPI:3.3 CYCLES:108 ICOUNT:33 IHITRATE: 0 DHITRATE: 0
/u/s/i/sinclair/courses/cs552/spring2022/handouts/testprograms/public/rand_simple/t_4_sle.asm SUCCESS CPI:3.3 CYCLES:109 ICOUNT:33 IHITRATE: 0 DHITRATE: 0
/u/s/i/sinclair/courses/cs552/spring2022/handouts/testprograms/public/rand_simple/t_4_sll.asm SUCCESS CPI:3.3 CYCLES:109 ICOUNT:33 IHITRATE: 0 DHITRATE: 0
/u/s/i/sinclair/courses/cs552/spring2022/handouts/testprograms/public/rand_simple/t_4_slli.asm SUCCESS CPI:3.3 CYCLES:109 ICOUNT:33 IHITRATE: 0 DHITRATE: 0
/u/s/i/sinclair/courses/cs552/spring2022/handouts/testprograms/public/rand_simple/t_4_slt.asm SUCCESS CPI:3.3 CYCLES:108 ICOUNT:33 IHITRATE: 0 DHITRATE: 0
/u/s/i/sinclair/courses/cs552/spring2022/handouts/testprograms/public/rand_simple/t_4_srl.asm SUCCESS CPI:3.3 CYCLES:108 ICOUNT:33 IHITRATE: 0 DHITRATE: 0
/u/s/i/sinclair/courses/cs552/spring2022/handouts/testprograms/public/rand_simple/t_4_srli.asm SUCCESS CPI:3.2 CYCLES:107 ICOUNT:33 IHITRATE: 0 DHITRATE: 0
/u/s/i/sinclair/courses/cs552/spring2022/handouts/testprograms/public/rand_simple/t_4_st.asm SUCCESS CPI:4.0 CYCLES:198 ICOUNT:49 IHITRATE: 0 DHITRATE: 0
/u/s/i/sinclair/courses/cs552/spring2022/handouts/testprograms/public/rand_simple/t_4_stu.asm SUCCESS CPI:3.2 CYCLES:201 ICOUNT:62 IHITRATE: 0 DHITRATE: 0
/u/s/i/sinclair/courses/cs552/spring2022/handouts/testprograms/public/rand_simple/t_4_sub.asm SUCCESS CPI:3.3 CYCLES:110 ICOUNT:33 IHITRATE: 0 DHITRATE: 0
/u/s/i/sinclair/courses/cs552/spring2022/handouts/testprograms/public/rand_simple/t_4_subi.asm SUCCESS CPI:3.3 CYCLES:110 ICOUNT:33 IHITRATE: 0 DHITRATE: 0
/u/s/i/sinclair/courses/cs552/spring2022/handouts/testprograms/public/rand_simple/t_4_xor.asm SUCCESS CPI:3.3 CYCLES:110 ICOUNT:33 IHITRATE: 0 DHITRATE: 0
/u/s/i/sinclair/courses/cs552/spring2022/handouts/testprograms/public/rand_simple/t_4_xori.asm SUCCESS CPI:3.3 CYCLES:109 ICOUNT:33 IHITRATE: 0 DHITRATE: 0
