/u/s/i/sinclair/courses/cs552/spring2022/handouts/testprograms/public/rand_ldst/ldld.asm SUCCESS CPI:4.9 CYCLES:285 ICOUNT:58 IHITRATE: 0 DHITRATE: 0
/u/s/i/sinclair/courses/cs552/spring2022/handouts/testprograms/public/rand_ldst/ldld_rand_large.asm SUCCESS CPI:3.2 CYCLES:3325 ICOUNT:1035 IHITRATE: 0 DHITRATE: 0
/u/s/i/sinclair/courses/cs552/spring2022/handouts/testprograms/public/rand_ldst/ldld_rand_large_1.asm SUCCESS CPI:3.1 CYCLES:3248 ICOUNT:1035 IHITRATE: 0 DHITRATE: 0
/u/s/i/sinclair/courses/cs552/spring2022/handouts/testprograms/public/rand_ldst/ldld_rand_large_2.asm SUCCESS CPI:3.1 CYCLES:3162 ICOUNT:1035 IHITRATE: 0 DHITRATE: 0
/u/s/i/sinclair/courses/cs552/spring2022/handouts/testprograms/public/rand_ldst/ldld_rand_large_3.asm SUCCESS CPI:3.1 CYCLES:3227 ICOUNT:1035 IHITRATE: 0 DHITRATE: 0
/u/s/i/sinclair/courses/cs552/spring2022/handouts/testprograms/public/rand_ldst/ldld_rand_large_4.asm SUCCESS CPI:3.2 CYCLES:3311 ICOUNT:1035 IHITRATE: 0 DHITRATE: 0
/u/s/i/sinclair/courses/cs552/spring2022/handouts/testprograms/public/rand_ldst/ldld_rand_large_5.asm SUCCESS CPI:3.2 CYCLES:3325 ICOUNT:1035 IHITRATE: 0 DHITRATE: 0
/u/s/i/sinclair/courses/cs552/spring2022/handouts/testprograms/public/rand_ldst/ldld_rand_large_6.asm SUCCESS CPI:3.2 CYCLES:3318 ICOUNT:1035 IHITRATE: 0 DHITRATE: 0
/u/s/i/sinclair/courses/cs552/spring2022/handouts/testprograms/public/rand_ldst/ldld_rand_large_7.asm SUCCESS CPI:3.2 CYCLES:3360 ICOUNT:1035 IHITRATE: 0 DHITRATE: 0
/u/s/i/sinclair/courses/cs552/spring2022/handouts/testprograms/public/rand_ldst/ldld_rand_large_8.asm SUCCESS CPI:3.1 CYCLES:3255 ICOUNT:1035 IHITRATE: 0 DHITRATE: 0
/u/s/i/sinclair/courses/cs552/spring2022/handouts/testprograms/public/rand_ldst/ldld_rand_large_9.asm SUCCESS CPI:3.1 CYCLES:3241 ICOUNT:1035 IHITRATE: 0 DHITRATE: 0
/u/s/i/sinclair/courses/cs552/spring2022/handouts/testprograms/public/rand_ldst/ldld_rand_small.asm SUCCESS CPI:3.2 CYCLES:3325 ICOUNT:1035 IHITRATE: 0 DHITRATE: 0
/u/s/i/sinclair/courses/cs552/spring2022/handouts/testprograms/public/rand_ldst/ldld_rand_small_1.asm SUCCESS CPI:3.1 CYCLES:3248 ICOUNT:1035 IHITRATE: 0 DHITRATE: 0
/u/s/i/sinclair/courses/cs552/spring2022/handouts/testprograms/public/rand_ldst/ldld_rand_small_2.asm SUCCESS CPI:3.1 CYCLES:3162 ICOUNT:1035 IHITRATE: 0 DHITRATE: 0
/u/s/i/sinclair/courses/cs552/spring2022/handouts/testprograms/public/rand_ldst/ldld_rand_small_3.asm SUCCESS CPI:3.1 CYCLES:3227 ICOUNT:1035 IHITRATE: 0 DHITRATE: 0
/u/s/i/sinclair/courses/cs552/spring2022/handouts/testprograms/public/rand_ldst/ldld_rand_small_4.asm SUCCESS CPI:3.2 CYCLES:3311 ICOUNT:1035 IHITRATE: 0 DHITRATE: 0
/u/s/i/sinclair/courses/cs552/spring2022/handouts/testprograms/public/rand_ldst/ldld_rand_small_5.asm SUCCESS CPI:3.2 CYCLES:3325 ICOUNT:1035 IHITRATE: 0 DHITRATE: 0
/u/s/i/sinclair/courses/cs552/spring2022/handouts/testprograms/public/rand_ldst/ldld_rand_small_6.asm SUCCESS CPI:3.2 CYCLES:3318 ICOUNT:1035 IHITRATE: 0 DHITRATE: 0
/u/s/i/sinclair/courses/cs552/spring2022/handouts/testprograms/public/rand_ldst/ldld_rand_small_7.asm SUCCESS CPI:3.2 CYCLES:3360 ICOUNT:1035 IHITRATE: 0 DHITRATE: 0
/u/s/i/sinclair/courses/cs552/spring2022/handouts/testprograms/public/rand_ldst/ldld_rand_small_8.asm SUCCESS CPI:3.1 CYCLES:3255 ICOUNT:1035 IHITRATE: 0 DHITRATE: 0
/u/s/i/sinclair/courses/cs552/spring2022/handouts/testprograms/public/rand_ldst/ldld_rand_small_9.asm SUCCESS CPI:3.1 CYCLES:3241 ICOUNT:1035 IHITRATE: 0 DHITRATE: 0
/u/s/i/sinclair/courses/cs552/spring2022/handouts/testprograms/public/rand_ldst/ldst.asm SUCCESS CPI:3.5 CYCLES:353 ICOUNT:102 IHITRATE: 0 DHITRATE: 0
/u/s/i/sinclair/courses/cs552/spring2022/handouts/testprograms/public/rand_ldst/ldst_rand_large.asm SUCCESS CPI:14.6 CYCLES:44 ICOUNT:3 IHITRATE: 0 DHITRATE: 0
/u/s/i/sinclair/courses/cs552/spring2022/handouts/testprograms/public/rand_ldst/ldst_rand_large_1.asm SUCCESS CPI:14.6 CYCLES:44 ICOUNT:3 IHITRATE: 0 DHITRATE: 0
/u/s/i/sinclair/courses/cs552/spring2022/handouts/testprograms/public/rand_ldst/ldst_rand_large_2.asm SUCCESS CPI:14.6 CYCLES:44 ICOUNT:3 IHITRATE: 0 DHITRATE: 0
/u/s/i/sinclair/courses/cs552/spring2022/handouts/testprograms/public/rand_ldst/ldst_rand_large_3.asm SUCCESS CPI:14.6 CYCLES:44 ICOUNT:3 IHITRATE: 0 DHITRATE: 0
/u/s/i/sinclair/courses/cs552/spring2022/handouts/testprograms/public/rand_ldst/ldst_rand_large_4.asm SUCCESS CPI:14.6 CYCLES:44 ICOUNT:3 IHITRATE: 0 DHITRATE: 0
/u/s/i/sinclair/courses/cs552/spring2022/handouts/testprograms/public/rand_ldst/ldst_rand_large_5.asm SUCCESS CPI:14.6 CYCLES:44 ICOUNT:3 IHITRATE: 0 DHITRATE: 0
/u/s/i/sinclair/courses/cs552/spring2022/handouts/testprograms/public/rand_ldst/ldst_rand_large_6.asm SUCCESS CPI:14.6 CYCLES:44 ICOUNT:3 IHITRATE: 0 DHITRATE: 0
/u/s/i/sinclair/courses/cs552/spring2022/handouts/testprograms/public/rand_ldst/ldst_rand_large_7.asm SUCCESS CPI:14.6 CYCLES:44 ICOUNT:3 IHITRATE: 0 DHITRATE: 0
/u/s/i/sinclair/courses/cs552/spring2022/handouts/testprograms/public/rand_ldst/ldst_rand_large_8.asm SUCCESS CPI:14.6 CYCLES:44 ICOUNT:3 IHITRATE: 0 DHITRATE: 0
/u/s/i/sinclair/courses/cs552/spring2022/handouts/testprograms/public/rand_ldst/ldst_rand_large_9.asm SUCCESS CPI:14.6 CYCLES:44 ICOUNT:3 IHITRATE: 0 DHITRATE: 0
/u/s/i/sinclair/courses/cs552/spring2022/handouts/testprograms/public/rand_ldst/ldst_rand_small.asm SUCCESS CPI:14.6 CYCLES:44 ICOUNT:3 IHITRATE: 0 DHITRATE: 0
/u/s/i/sinclair/courses/cs552/spring2022/handouts/testprograms/public/rand_ldst/ldst_rand_small_1.asm SUCCESS CPI:14.6 CYCLES:44 ICOUNT:3 IHITRATE: 0 DHITRATE: 0
/u/s/i/sinclair/courses/cs552/spring2022/handouts/testprograms/public/rand_ldst/ldst_rand_small_2.asm SUCCESS CPI:14.6 CYCLES:44 ICOUNT:3 IHITRATE: 0 DHITRATE: 0
/u/s/i/sinclair/courses/cs552/spring2022/handouts/testprograms/public/rand_ldst/ldst_rand_small_3.asm SUCCESS CPI:14.6 CYCLES:44 ICOUNT:3 IHITRATE: 0 DHITRATE: 0
/u/s/i/sinclair/courses/cs552/spring2022/handouts/testprograms/public/rand_ldst/ldst_rand_small_4.asm SUCCESS CPI:14.6 CYCLES:44 ICOUNT:3 IHITRATE: 0 DHITRATE: 0
/u/s/i/sinclair/courses/cs552/spring2022/handouts/testprograms/public/rand_ldst/ldst_rand_small_5.asm SUCCESS CPI:14.6 CYCLES:44 ICOUNT:3 IHITRATE: 0 DHITRATE: 0
/u/s/i/sinclair/courses/cs552/spring2022/handouts/testprograms/public/rand_ldst/ldst_rand_small_6.asm SUCCESS CPI:14.6 CYCLES:44 ICOUNT:3 IHITRATE: 0 DHITRATE: 0
/u/s/i/sinclair/courses/cs552/spring2022/handouts/testprograms/public/rand_ldst/ldst_rand_small_7.asm SUCCESS CPI:14.6 CYCLES:44 ICOUNT:3 IHITRATE: 0 DHITRATE: 0
/u/s/i/sinclair/courses/cs552/spring2022/handouts/testprograms/public/rand_ldst/ldst_rand_small_8.asm SUCCESS CPI:14.6 CYCLES:44 ICOUNT:3 IHITRATE: 0 DHITRATE: 0
/u/s/i/sinclair/courses/cs552/spring2022/handouts/testprograms/public/rand_ldst/ldst_rand_small_9.asm SUCCESS CPI:14.6 CYCLES:44 ICOUNT:3 IHITRATE: 0 DHITRATE: 0
/u/s/i/sinclair/courses/cs552/spring2022/handouts/testprograms/public/rand_ldst/rpt_ld_test_0.asm SUCCESS CPI:4.0 CYCLES:40 ICOUNT:10 IHITRATE: 0 DHITRATE: 0
/u/s/i/sinclair/courses/cs552/spring2022/handouts/testprograms/public/rand_ldst/rpt_ld_test_1.asm SUCCESS CPI:7.1 CYCLES:50 ICOUNT:7 IHITRATE: 0 DHITRATE: 0
/u/s/i/sinclair/courses/cs552/spring2022/handouts/testprograms/public/rand_ldst/rpt_reg_test_0.asm SUCCESS CPI:4.2 CYCLES:38 ICOUNT:9 IHITRATE: 0 DHITRATE: 0
/u/s/i/sinclair/courses/cs552/spring2022/handouts/testprograms/public/rand_ldst/rpt_reg_test_1.asm SUCCESS CPI:7.0 CYCLES:49 ICOUNT:7 IHITRATE: 0 DHITRATE: 0
/u/s/i/sinclair/courses/cs552/spring2022/handouts/testprograms/public/rand_ldst/rpt_st_test_0.asm SUCCESS CPI:4.0 CYCLES:40 ICOUNT:10 IHITRATE: 0 DHITRATE: 0
/u/s/i/sinclair/courses/cs552/spring2022/handouts/testprograms/public/rand_ldst/rpt_st_test_1.asm SUCCESS CPI:7.1 CYCLES:50 ICOUNT:7 IHITRATE: 0 DHITRATE: 0
