/u/s/i/sinclair/courses/cs552/spring2022/handouts/testprograms/public/rand_final/ldld_rand_large.asm SUCCESS CPI:3.2 CYCLES:3325 ICOUNT:1035 IHITRATE: 0 DHITRATE: 0
/u/s/i/sinclair/courses/cs552/spring2022/handouts/testprograms/public/rand_final/ldld_rand_small.asm SUCCESS CPI:3.2 CYCLES:3325 ICOUNT:1035 IHITRATE: 0 DHITRATE: 0
/u/s/i/sinclair/courses/cs552/spring2022/handouts/testprograms/public/rand_final/ldst_rand_large.asm SUCCESS CPI:14.6 CYCLES:44 ICOUNT:3 IHITRATE: 0 DHITRATE: 0
/u/s/i/sinclair/courses/cs552/spring2022/handouts/testprograms/public/rand_final/ldst_rand_small.asm SUCCESS CPI:14.6 CYCLES:44 ICOUNT:3 IHITRATE: 0 DHITRATE: 0
/u/s/i/sinclair/courses/cs552/spring2022/handouts/testprograms/public/rand_final/t_100_all.asm SUCCESS CPI:4.4 CYCLES:1460 ICOUNT:333 IHITRATE: 0 DHITRATE: 0
/u/s/i/sinclair/courses/cs552/spring2022/handouts/testprograms/public/rand_final/t_100_ctrl.asm SUCCESS CPI:4.3 CYCLES:2009 ICOUNT:465 IHITRATE: 0 DHITRATE: 0
/u/s/i/sinclair/courses/cs552/spring2022/handouts/testprograms/public/rand_final/t_100_icache.asm SUCCESS CPI:27.6 CYCLES:331 ICOUNT:12 IHITRATE: 0 DHITRATE: 0
/u/s/i/sinclair/courses/cs552/spring2022/handouts/testprograms/public/rand_final/t_100_idcache.asm SUCCESS CPI:7.6 CYCLES:596 ICOUNT:78 IHITRATE: 0 DHITRATE: 0
/u/s/i/sinclair/courses/cs552/spring2022/handouts/testprograms/public/rand_final/t_100_mem.asm SUCCESS CPI:4.5 CYCLES:3050 ICOUNT:671 IHITRATE: 0 DHITRATE: 0
/u/s/i/sinclair/courses/cs552/spring2022/handouts/testprograms/public/rand_final/t_101_all.asm SUCCESS CPI:4.1 CYCLES:1849 ICOUNT:447 IHITRATE: 0 DHITRATE: 0
/u/s/i/sinclair/courses/cs552/spring2022/handouts/testprograms/public/rand_final/t_101_ctrl.asm SUCCESS CPI:4.0 CYCLES:2170 ICOUNT:544 IHITRATE: 0 DHITRATE: 0
/u/s/i/sinclair/courses/cs552/spring2022/handouts/testprograms/public/rand_final/t_101_icache.asm SUCCESS CPI:5.9 CYCLES:348 ICOUNT:59 IHITRATE: 0 DHITRATE: 0
/u/s/i/sinclair/courses/cs552/spring2022/handouts/testprograms/public/rand_final/t_101_idcache.asm SUCCESS CPI:7.8 CYCLES:563 ICOUNT:72 IHITRATE: 0 DHITRATE: 0
/u/s/i/sinclair/courses/cs552/spring2022/handouts/testprograms/public/rand_final/t_101_mem.asm SUCCESS CPI:4.5 CYCLES:3037 ICOUNT:676 IHITRATE: 0 DHITRATE: 0
/u/s/i/sinclair/courses/cs552/spring2022/handouts/testprograms/public/rand_final/t_102_all.asm SUCCESS CPI:4.2 CYCLES:1546 ICOUNT:365 IHITRATE: 0 DHITRATE: 0
/u/s/i/sinclair/courses/cs552/spring2022/handouts/testprograms/public/rand_final/t_102_ctrl.asm SUCCESS CPI:4.4 CYCLES:2020 ICOUNT:457 IHITRATE: 0 DHITRATE: 0
/u/s/i/sinclair/courses/cs552/spring2022/handouts/testprograms/public/rand_final/t_102_icache.asm SUCCESS CPI:38.8 CYCLES:466 ICOUNT:12 IHITRATE: 0 DHITRATE: 0
/u/s/i/sinclair/courses/cs552/spring2022/handouts/testprograms/public/rand_final/t_102_idcache.asm SUCCESS CPI:8.7 CYCLES:541 ICOUNT:62 IHITRATE: 0 DHITRATE: 0
/u/s/i/sinclair/courses/cs552/spring2022/handouts/testprograms/public/rand_final/t_102_mem.asm SUCCESS CPI:4.2 CYCLES:2888 ICOUNT:681 IHITRATE: 0 DHITRATE: 0
/u/s/i/sinclair/courses/cs552/spring2022/handouts/testprograms/public/rand_final/t_103_all.asm SUCCESS CPI:4.0 CYCLES:1816 ICOUNT:452 IHITRATE: 0 DHITRATE: 0
/u/s/i/sinclair/courses/cs552/spring2022/handouts/testprograms/public/rand_final/t_103_ctrl.asm SUCCESS CPI:4.1 CYCLES:2285 ICOUNT:561 IHITRATE: 0 DHITRATE: 0
/u/s/i/sinclair/courses/cs552/spring2022/handouts/testprograms/public/rand_final/t_103_icache.asm SUCCESS CPI:30.7 CYCLES:399 ICOUNT:13 IHITRATE: 0 DHITRATE: 0
/u/s/i/sinclair/courses/cs552/spring2022/handouts/testprograms/public/rand_final/t_103_idcache.asm SUCCESS CPI:5.0 CYCLES:689 ICOUNT:139 IHITRATE: 0 DHITRATE: 0
/u/s/i/sinclair/courses/cs552/spring2022/handouts/testprograms/public/rand_final/t_103_mem.asm SUCCESS CPI:4.4 CYCLES:2943 ICOUNT:670 IHITRATE: 0 DHITRATE: 0
/u/s/i/sinclair/courses/cs552/spring2022/handouts/testprograms/public/rand_final/t_104_all.asm SUCCESS CPI:4.0 CYCLES:1818 ICOUNT:455 IHITRATE: 0 DHITRATE: 0
/u/s/i/sinclair/courses/cs552/spring2022/handouts/testprograms/public/rand_final/t_104_ctrl.asm SUCCESS CPI:4.0 CYCLES:2228 ICOUNT:557 IHITRATE: 0 DHITRATE: 0
/u/s/i/sinclair/courses/cs552/spring2022/handouts/testprograms/public/rand_final/t_104_icache.asm SUCCESS CPI:7.7 CYCLES:370 ICOUNT:48 IHITRATE: 0 DHITRATE: 0
/u/s/i/sinclair/courses/cs552/spring2022/handouts/testprograms/public/rand_final/t_104_idcache.asm SUCCESS CPI:6.7 CYCLES:551 ICOUNT:82 IHITRATE: 0 DHITRATE: 0
/u/s/i/sinclair/courses/cs552/spring2022/handouts/testprograms/public/rand_final/t_104_mem.asm SUCCESS CPI:4.4 CYCLES:2919 ICOUNT:671 IHITRATE: 0 DHITRATE: 0
/u/s/i/sinclair/courses/cs552/spring2022/handouts/testprograms/public/rand_final/t_105_all.asm SUCCESS CPI:4.1 CYCLES:1854 ICOUNT:452 IHITRATE: 0 DHITRATE: 0
/u/s/i/sinclair/courses/cs552/spring2022/handouts/testprograms/public/rand_final/t_105_ctrl.asm SUCCESS CPI:4.0 CYCLES:2130 ICOUNT:527 IHITRATE: 0 DHITRATE: 0
/u/s/i/sinclair/courses/cs552/spring2022/handouts/testprograms/public/rand_final/t_105_icache.asm SUCCESS CPI:10.1 CYCLES:416 ICOUNT:41 IHITRATE: 0 DHITRATE: 0
/u/s/i/sinclair/courses/cs552/spring2022/handouts/testprograms/public/rand_final/t_105_idcache.asm SUCCESS CPI:7.9 CYCLES:617 ICOUNT:78 IHITRATE: 0 DHITRATE: 0
/u/s/i/sinclair/courses/cs552/spring2022/handouts/testprograms/public/rand_final/t_105_mem.asm SUCCESS CPI:4.3 CYCLES:2936 ICOUNT:676 IHITRATE: 0 DHITRATE: 0
/u/s/i/sinclair/courses/cs552/spring2022/handouts/testprograms/public/rand_final/t_106_all.asm SUCCESS CPI:4.2 CYCLES:1968 ICOUNT:472 IHITRATE: 0 DHITRATE: 0
/u/s/i/sinclair/courses/cs552/spring2022/handouts/testprograms/public/rand_final/t_106_ctrl.asm SUCCESS CPI:4.3 CYCLES:2196 ICOUNT:516 IHITRATE: 0 DHITRATE: 0
/u/s/i/sinclair/courses/cs552/spring2022/handouts/testprograms/public/rand_final/t_106_icache.asm SUCCESS CPI:32.5 CYCLES:390 ICOUNT:12 IHITRATE: 0 DHITRATE: 0
/u/s/i/sinclair/courses/cs552/spring2022/handouts/testprograms/public/rand_final/t_106_idcache.asm SUCCESS CPI:5.6 CYCLES:690 ICOUNT:123 IHITRATE: 0 DHITRATE: 0
/u/s/i/sinclair/courses/cs552/spring2022/handouts/testprograms/public/rand_final/t_106_mem.asm SUCCESS CPI:4.4 CYCLES:2982 ICOUNT:671 IHITRATE: 0 DHITRATE: 0
/u/s/i/sinclair/courses/cs552/spring2022/handouts/testprograms/public/rand_final/t_107_all.asm SUCCESS CPI:4.0 CYCLES:1733 ICOUNT:428 IHITRATE: 0 DHITRATE: 0
/u/s/i/sinclair/courses/cs552/spring2022/handouts/testprograms/public/rand_final/t_107_ctrl.asm SUCCESS CPI:4.0 CYCLES:2279 ICOUNT:565 IHITRATE: 0 DHITRATE: 0
/u/s/i/sinclair/courses/cs552/spring2022/handouts/testprograms/public/rand_final/t_107_icache.asm SUCCESS CPI:9.9 CYCLES:375 ICOUNT:38 IHITRATE: 0 DHITRATE: 0
/u/s/i/sinclair/courses/cs552/spring2022/handouts/testprograms/public/rand_final/t_107_idcache.asm SUCCESS CPI:5.9 CYCLES:524 ICOUNT:89 IHITRATE: 0 DHITRATE: 0
/u/s/i/sinclair/courses/cs552/spring2022/handouts/testprograms/public/rand_final/t_107_mem.asm SUCCESS CPI:4.4 CYCLES:2927 ICOUNT:668 IHITRATE: 0 DHITRATE: 0
/u/s/i/sinclair/courses/cs552/spring2022/handouts/testprograms/public/rand_final/t_108_all.asm SUCCESS CPI:3.9 CYCLES:1790 ICOUNT:462 IHITRATE: 0 DHITRATE: 0
/u/s/i/sinclair/courses/cs552/spring2022/handouts/testprograms/public/rand_final/t_108_ctrl.asm SUCCESS CPI:4.1 CYCLES:2140 ICOUNT:523 IHITRATE: 0 DHITRATE: 0
/u/s/i/sinclair/courses/cs552/spring2022/handouts/testprograms/public/rand_final/t_108_icache.asm SUCCESS CPI:7.4 CYCLES:319 ICOUNT:43 IHITRATE: 0 DHITRATE: 0
/u/s/i/sinclair/courses/cs552/spring2022/handouts/testprograms/public/rand_final/t_108_idcache.asm SUCCESS CPI:8.7 CYCLES:427 ICOUNT:49 IHITRATE: 0 DHITRATE: 0
/u/s/i/sinclair/courses/cs552/spring2022/handouts/testprograms/public/rand_final/t_108_mem.asm SUCCESS CPI:4.5 CYCLES:3064 ICOUNT:681 IHITRATE: 0 DHITRATE: 0
/u/s/i/sinclair/courses/cs552/spring2022/handouts/testprograms/public/rand_final/t_109_all.asm SUCCESS CPI:4.2 CYCLES:1437 ICOUNT:339 IHITRATE: 0 DHITRATE: 0
/u/s/i/sinclair/courses/cs552/spring2022/handouts/testprograms/public/rand_final/t_109_ctrl.asm SUCCESS CPI:4.1 CYCLES:2278 ICOUNT:555 IHITRATE: 0 DHITRATE: 0
/u/s/i/sinclair/courses/cs552/spring2022/handouts/testprograms/public/rand_final/t_109_icache.asm SUCCESS CPI:6.4 CYCLES:567 ICOUNT:88 IHITRATE: 0 DHITRATE: 0
/u/s/i/sinclair/courses/cs552/spring2022/handouts/testprograms/public/rand_final/t_109_idcache.asm SUCCESS CPI:7.4 CYCLES:701 ICOUNT:95 IHITRATE: 0 DHITRATE: 0
/u/s/i/sinclair/courses/cs552/spring2022/handouts/testprograms/public/rand_final/t_109_mem.asm SUCCESS CPI:4.5 CYCLES:2954 ICOUNT:663 IHITRATE: 0 DHITRATE: 0
/u/s/i/sinclair/courses/cs552/spring2022/handouts/testprograms/public/rand_final/t_10_mem.asm SUCCESS CPI:4.3 CYCLES:2920 ICOUNT:675 IHITRATE: 0 DHITRATE: 0
/u/s/i/sinclair/courses/cs552/spring2022/handouts/testprograms/public/rand_final/t_110_all.asm SUCCESS CPI:4.0 CYCLES:1805 ICOUNT:456 IHITRATE: 0 DHITRATE: 0
/u/s/i/sinclair/courses/cs552/spring2022/handouts/testprograms/public/rand_final/t_110_ctrl.asm SUCCESS CPI:4.3 CYCLES:2092 ICOUNT:491 IHITRATE: 0 DHITRATE: 0
/u/s/i/sinclair/courses/cs552/spring2022/handouts/testprograms/public/rand_final/t_110_icache.asm SUCCESS CPI:6.6 CYCLES:457 ICOUNT:69 IHITRATE: 0 DHITRATE: 0
/u/s/i/sinclair/courses/cs552/spring2022/handouts/testprograms/public/rand_final/t_110_idcache.asm SUCCESS CPI:5.3 CYCLES:784 ICOUNT:147 IHITRATE: 0 DHITRATE: 0
/u/s/i/sinclair/courses/cs552/spring2022/handouts/testprograms/public/rand_final/t_110_mem.asm SUCCESS CPI:4.2 CYCLES:2898 ICOUNT:682 IHITRATE: 0 DHITRATE: 0
/u/s/i/sinclair/courses/cs552/spring2022/handouts/testprograms/public/rand_final/t_111_all.asm SUCCESS CPI:4.4 CYCLES:1729 ICOUNT:395 IHITRATE: 0 DHITRATE: 0
/u/s/i/sinclair/courses/cs552/spring2022/handouts/testprograms/public/rand_final/t_111_ctrl.asm SUCCESS CPI:3.9 CYCLES:2228 ICOUNT:575 IHITRATE: 0 DHITRATE: 0
/u/s/i/sinclair/courses/cs552/spring2022/handouts/testprograms/public/rand_final/t_111_icache.asm SUCCESS CPI:25.2 CYCLES:378 ICOUNT:15 IHITRATE: 0 DHITRATE: 0
/u/s/i/sinclair/courses/cs552/spring2022/handouts/testprograms/public/rand_final/t_111_idcache.asm SUCCESS CPI:6.2 CYCLES:592 ICOUNT:96 IHITRATE: 0 DHITRATE: 0
/u/s/i/sinclair/courses/cs552/spring2022/handouts/testprograms/public/rand_final/t_111_mem.asm SUCCESS CPI:4.4 CYCLES:3015 ICOUNT:683 IHITRATE: 0 DHITRATE: 0
/u/s/i/sinclair/courses/cs552/spring2022/handouts/testprograms/public/rand_final/t_112_all.asm SUCCESS CPI:4.2 CYCLES:1589 ICOUNT:375 IHITRATE: 0 DHITRATE: 0
/u/s/i/sinclair/courses/cs552/spring2022/handouts/testprograms/public/rand_final/t_112_ctrl.asm SUCCESS CPI:4.1 CYCLES:2233 ICOUNT:548 IHITRATE: 0 DHITRATE: 0
/u/s/i/sinclair/courses/cs552/spring2022/handouts/testprograms/public/rand_final/t_112_icache.asm SUCCESS CPI:5.7 CYCLES:342 ICOUNT:60 IHITRATE: 0 DHITRATE: 0
/u/s/i/sinclair/courses/cs552/spring2022/handouts/testprograms/public/rand_final/t_112_idcache.asm SUCCESS CPI:7.5 CYCLES:507 ICOUNT:68 IHITRATE: 0 DHITRATE: 0
/u/s/i/sinclair/courses/cs552/spring2022/handouts/testprograms/public/rand_final/t_112_mem.asm SUCCESS CPI:4.4 CYCLES:2975 ICOUNT:670 IHITRATE: 0 DHITRATE: 0
/u/s/i/sinclair/courses/cs552/spring2022/handouts/testprograms/public/rand_final/t_113_all.asm SUCCESS CPI:4.1 CYCLES:1434 ICOUNT:347 IHITRATE: 0 DHITRATE: 0
/u/s/i/sinclair/courses/cs552/spring2022/handouts/testprograms/public/rand_final/t_113_ctrl.asm SUCCESS CPI:4.3 CYCLES:2160 ICOUNT:502 IHITRATE: 0 DHITRATE: 0
/u/s/i/sinclair/courses/cs552/spring2022/handouts/testprograms/public/rand_final/t_113_icache.asm SUCCESS CPI:11.0 CYCLES:595 ICOUNT:54 IHITRATE: 0 DHITRATE: 0
/u/s/i/sinclair/courses/cs552/spring2022/handouts/testprograms/public/rand_final/t_113_idcache.asm SUCCESS CPI:5.3 CYCLES:742 ICOUNT:139 IHITRATE: 0 DHITRATE: 0
/u/s/i/sinclair/courses/cs552/spring2022/handouts/testprograms/public/rand_final/t_113_mem.asm SUCCESS CPI:4.3 CYCLES:2969 ICOUNT:685 IHITRATE: 0 DHITRATE: 0
/u/s/i/sinclair/courses/cs552/spring2022/handouts/testprograms/public/rand_final/t_114_all.asm SUCCESS CPI:3.6 CYCLES:2198 ICOUNT:603 IHITRATE: 0 DHITRATE: 0
/u/s/i/sinclair/courses/cs552/spring2022/handouts/testprograms/public/rand_final/t_114_ctrl.asm SUCCESS CPI:3.8 CYCLES:2435 ICOUNT:645 IHITRATE: 0 DHITRATE: 0
/u/s/i/sinclair/courses/cs552/spring2022/handouts/testprograms/public/rand_final/t_114_icache.asm SUCCESS CPI:10.6 CYCLES:413 ICOUNT:39 IHITRATE: 0 DHITRATE: 0
/u/s/i/sinclair/courses/cs552/spring2022/handouts/testprograms/public/rand_final/t_114_idcache.asm SUCCESS CPI:5.8 CYCLES:605 ICOUNT:105 IHITRATE: 0 DHITRATE: 0
/u/s/i/sinclair/courses/cs552/spring2022/handouts/testprograms/public/rand_final/t_114_mem.asm SUCCESS CPI:4.3 CYCLES:2951 ICOUNT:691 IHITRATE: 0 DHITRATE: 0
/u/s/i/sinclair/courses/cs552/spring2022/handouts/testprograms/public/rand_final/t_115_all.asm SUCCESS CPI:4.0 CYCLES:1823 ICOUNT:453 IHITRATE: 0 DHITRATE: 0
/u/s/i/sinclair/courses/cs552/spring2022/handouts/testprograms/public/rand_final/t_115_ctrl.asm SUCCESS CPI:4.2 CYCLES:2157 ICOUNT:516 IHITRATE: 0 DHITRATE: 0
/u/s/i/sinclair/courses/cs552/spring2022/handouts/testprograms/public/rand_final/t_115_icache.asm SUCCESS CPI:10.8 CYCLES:325 ICOUNT:30 IHITRATE: 0 DHITRATE: 0
/u/s/i/sinclair/courses/cs552/spring2022/handouts/testprograms/public/rand_final/t_115_idcache.asm SUCCESS CPI:7.5 CYCLES:519 ICOUNT:69 IHITRATE: 0 DHITRATE: 0
/u/s/i/sinclair/courses/cs552/spring2022/handouts/testprograms/public/rand_final/t_115_mem.asm SUCCESS CPI:4.4 CYCLES:2891 ICOUNT:653 IHITRATE: 0 DHITRATE: 0
/u/s/i/sinclair/courses/cs552/spring2022/handouts/testprograms/public/rand_final/t_116_all.asm SUCCESS CPI:3.7 CYCLES:2186 ICOUNT:587 IHITRATE: 0 DHITRATE: 0
/u/s/i/sinclair/courses/cs552/spring2022/handouts/testprograms/public/rand_final/t_116_ctrl.asm SUCCESS CPI:3.7 CYCLES:2331 ICOUNT:633 IHITRATE: 0 DHITRATE: 0
/u/s/i/sinclair/courses/cs552/spring2022/handouts/testprograms/public/rand_final/t_116_icache.asm SUCCESS CPI:38.1 CYCLES:343 ICOUNT:9 IHITRATE: 0 DHITRATE: 0
/u/s/i/sinclair/courses/cs552/spring2022/handouts/testprograms/public/rand_final/t_116_idcache.asm SUCCESS CPI:5.8 CYCLES:754 ICOUNT:130 IHITRATE: 0 DHITRATE: 0
/u/s/i/sinclair/courses/cs552/spring2022/handouts/testprograms/public/rand_final/t_116_mem.asm SUCCESS CPI:4.5 CYCLES:2975 ICOUNT:667 IHITRATE: 0 DHITRATE: 0
/u/s/i/sinclair/courses/cs552/spring2022/handouts/testprograms/public/rand_final/t_117_all.asm SUCCESS CPI:4.0 CYCLES:1916 ICOUNT:475 IHITRATE: 0 DHITRATE: 0
/u/s/i/sinclair/courses/cs552/spring2022/handouts/testprograms/public/rand_final/t_117_ctrl.asm SUCCESS CPI:4.0 CYCLES:2216 ICOUNT:551 IHITRATE: 0 DHITRATE: 0
/u/s/i/sinclair/courses/cs552/spring2022/handouts/testprograms/public/rand_final/t_117_icache.asm SUCCESS CPI:14.6 CYCLES:335 ICOUNT:23 IHITRATE: 0 DHITRATE: 0
/u/s/i/sinclair/courses/cs552/spring2022/handouts/testprograms/public/rand_final/t_117_idcache.asm SUCCESS CPI:8.3 CYCLES:784 ICOUNT:94 IHITRATE: 0 DHITRATE: 0
/u/s/i/sinclair/courses/cs552/spring2022/handouts/testprograms/public/rand_final/t_117_mem.asm SUCCESS CPI:4.3 CYCLES:2976 ICOUNT:687 IHITRATE: 0 DHITRATE: 0
/u/s/i/sinclair/courses/cs552/spring2022/handouts/testprograms/public/rand_final/t_118_all.asm SUCCESS CPI:4.0 CYCLES:2108 ICOUNT:530 IHITRATE: 0 DHITRATE: 0
/u/s/i/sinclair/courses/cs552/spring2022/handouts/testprograms/public/rand_final/t_118_ctrl.asm SUCCESS CPI:4.1 CYCLES:2162 ICOUNT:524 IHITRATE: 0 DHITRATE: 0
/u/s/i/sinclair/courses/cs552/spring2022/handouts/testprograms/public/rand_final/t_118_icache.asm SUCCESS CPI:18.8 CYCLES:264 ICOUNT:14 IHITRATE: 0 DHITRATE: 0
/u/s/i/sinclair/courses/cs552/spring2022/handouts/testprograms/public/rand_final/t_118_idcache.asm SUCCESS CPI:7.6 CYCLES:612 ICOUNT:81 IHITRATE: 0 DHITRATE: 0
/u/s/i/sinclair/courses/cs552/spring2022/handouts/testprograms/public/rand_final/t_118_mem.asm SUCCESS CPI:4.5 CYCLES:2949 ICOUNT:658 IHITRATE: 0 DHITRATE: 0
/u/s/i/sinclair/courses/cs552/spring2022/handouts/testprograms/public/rand_final/t_119_all.asm SUCCESS CPI:3.9 CYCLES:1686 ICOUNT:427 IHITRATE: 0 DHITRATE: 0
/u/s/i/sinclair/courses/cs552/spring2022/handouts/testprograms/public/rand_final/t_119_ctrl.asm SUCCESS CPI:3.9 CYCLES:2242 ICOUNT:575 IHITRATE: 0 DHITRATE: 0
/u/s/i/sinclair/courses/cs552/spring2022/handouts/testprograms/public/rand_final/t_119_icache.asm SUCCESS CPI:7.3 CYCLES:371 ICOUNT:51 IHITRATE: 0 DHITRATE: 0
/u/s/i/sinclair/courses/cs552/spring2022/handouts/testprograms/public/rand_final/t_119_idcache.asm SUCCESS CPI:6.0 CYCLES:472 ICOUNT:79 IHITRATE: 0 DHITRATE: 0
/u/s/i/sinclair/courses/cs552/spring2022/handouts/testprograms/public/rand_final/t_119_mem.asm SUCCESS CPI:4.4 CYCLES:3002 ICOUNT:679 IHITRATE: 0 DHITRATE: 0
/u/s/i/sinclair/courses/cs552/spring2022/handouts/testprograms/public/rand_final/t_11_mem.asm SUCCESS CPI:4.4 CYCLES:3010 ICOUNT:680 IHITRATE: 0 DHITRATE: 0
/u/s/i/sinclair/courses/cs552/spring2022/handouts/testprograms/public/rand_final/t_120_all.asm SUCCESS CPI:4.3 CYCLES:1704 ICOUNT:395 IHITRATE: 0 DHITRATE: 0
/u/s/i/sinclair/courses/cs552/spring2022/handouts/testprograms/public/rand_final/t_120_ctrl.asm SUCCESS CPI:3.9 CYCLES:2186 ICOUNT:559 IHITRATE: 0 DHITRATE: 0
/u/s/i/sinclair/courses/cs552/spring2022/handouts/testprograms/public/rand_final/t_120_icache.asm SUCCESS CPI:6.1 CYCLES:557 ICOUNT:92 IHITRATE: 0 DHITRATE: 0
/u/s/i/sinclair/courses/cs552/spring2022/handouts/testprograms/public/rand_final/t_120_idcache.asm SUCCESS CPI:6.4 CYCLES:706 ICOUNT:110 IHITRATE: 0 DHITRATE: 0
/u/s/i/sinclair/courses/cs552/spring2022/handouts/testprograms/public/rand_final/t_120_mem.asm SUCCESS CPI:4.4 CYCLES:2963 ICOUNT:674 IHITRATE: 0 DHITRATE: 0
/u/s/i/sinclair/courses/cs552/spring2022/handouts/testprograms/public/rand_final/t_121_all.asm SUCCESS CPI:4.4 CYCLES:1441 ICOUNT:326 IHITRATE: 0 DHITRATE: 0
/u/s/i/sinclair/courses/cs552/spring2022/handouts/testprograms/public/rand_final/t_122_all.asm SUCCESS CPI:4.2 CYCLES:1404 ICOUNT:335 IHITRATE: 0 DHITRATE: 0
/u/s/i/sinclair/courses/cs552/spring2022/handouts/testprograms/public/rand_final/t_123_all.asm SUCCESS CPI:4.0 CYCLES:2042 ICOUNT:512 IHITRATE: 0 DHITRATE: 0
/u/s/i/sinclair/courses/cs552/spring2022/handouts/testprograms/public/rand_final/t_124_all.asm SUCCESS CPI:3.9 CYCLES:1433 ICOUNT:371 IHITRATE: 0 DHITRATE: 0
/u/s/i/sinclair/courses/cs552/spring2022/handouts/testprograms/public/rand_final/t_125_all.asm SUCCESS CPI:4.1 CYCLES:2119 ICOUNT:513 IHITRATE: 0 DHITRATE: 0
/u/s/i/sinclair/courses/cs552/spring2022/handouts/testprograms/public/rand_final/t_126_all.asm SUCCESS CPI:3.8 CYCLES:2346 ICOUNT:622 IHITRATE: 0 DHITRATE: 0
/u/s/i/sinclair/courses/cs552/spring2022/handouts/testprograms/public/rand_final/t_127_all.asm SUCCESS CPI:3.9 CYCLES:1863 ICOUNT:473 IHITRATE: 0 DHITRATE: 0
/u/s/i/sinclair/courses/cs552/spring2022/handouts/testprograms/public/rand_final/t_128_all.asm SUCCESS CPI:4.3 CYCLES:1875 ICOUNT:439 IHITRATE: 0 DHITRATE: 0
/u/s/i/sinclair/courses/cs552/spring2022/handouts/testprograms/public/rand_final/t_129_all.asm SUCCESS CPI:4.0 CYCLES:1818 ICOUNT:449 IHITRATE: 0 DHITRATE: 0
/u/s/i/sinclair/courses/cs552/spring2022/handouts/testprograms/public/rand_final/t_12_mem.asm SUCCESS CPI:4.5 CYCLES:2922 ICOUNT:652 IHITRATE: 0 DHITRATE: 0
/u/s/i/sinclair/courses/cs552/spring2022/handouts/testprograms/public/rand_final/t_130_all.asm SUCCESS CPI:3.7 CYCLES:2343 ICOUNT:641 IHITRATE: 0 DHITRATE: 0
/u/s/i/sinclair/courses/cs552/spring2022/handouts/testprograms/public/rand_final/t_131_all.asm SUCCESS CPI:3.8 CYCLES:2152 ICOUNT:569 IHITRATE: 0 DHITRATE: 0
/u/s/i/sinclair/courses/cs552/spring2022/handouts/testprograms/public/rand_final/t_132_all.asm SUCCESS CPI:3.8 CYCLES:1868 ICOUNT:489 IHITRATE: 0 DHITRATE: 0
/u/s/i/sinclair/courses/cs552/spring2022/handouts/testprograms/public/rand_final/t_133_all.asm SUCCESS CPI:3.8 CYCLES:1758 ICOUNT:462 IHITRATE: 0 DHITRATE: 0
/u/s/i/sinclair/courses/cs552/spring2022/handouts/testprograms/public/rand_final/t_134_all.asm SUCCESS CPI:3.8 CYCLES:1859 ICOUNT:494 IHITRATE: 0 DHITRATE: 0
/u/s/i/sinclair/courses/cs552/spring2022/handouts/testprograms/public/rand_final/t_135_all.asm SUCCESS CPI:3.7 CYCLES:2322 ICOUNT:625 IHITRATE: 0 DHITRATE: 0
/u/s/i/sinclair/courses/cs552/spring2022/handouts/testprograms/public/rand_final/t_136_all.asm SUCCESS CPI:4.1 CYCLES:1763 ICOUNT:431 IHITRATE: 0 DHITRATE: 0
/u/s/i/sinclair/courses/cs552/spring2022/handouts/testprograms/public/rand_final/t_137_all.asm SUCCESS CPI:3.8 CYCLES:2081 ICOUNT:554 IHITRATE: 0 DHITRATE: 0
/u/s/i/sinclair/courses/cs552/spring2022/handouts/testprograms/public/rand_final/t_138_all.asm SUCCESS CPI:3.8 CYCLES:2379 ICOUNT:634 IHITRATE: 0 DHITRATE: 0
/u/s/i/sinclair/courses/cs552/spring2022/handouts/testprograms/public/rand_final/t_139_all.asm SUCCESS CPI:4.4 CYCLES:1654 ICOUNT:379 IHITRATE: 0 DHITRATE: 0
/u/s/i/sinclair/courses/cs552/spring2022/handouts/testprograms/public/rand_final/t_13_mem.asm SUCCESS CPI:4.3 CYCLES:2950 ICOUNT:682 IHITRATE: 0 DHITRATE: 0
/u/s/i/sinclair/courses/cs552/spring2022/handouts/testprograms/public/rand_final/t_140_all.asm SUCCESS CPI:4.0 CYCLES:1651 ICOUNT:417 IHITRATE: 0 DHITRATE: 0
/u/s/i/sinclair/courses/cs552/spring2022/handouts/testprograms/public/rand_final/t_141_all.asm SUCCESS CPI:3.7 CYCLES:1878 ICOUNT:509 IHITRATE: 0 DHITRATE: 0
/u/s/i/sinclair/courses/cs552/spring2022/handouts/testprograms/public/rand_final/t_142_all.asm SUCCESS CPI:3.9 CYCLES:1568 ICOUNT:404 IHITRATE: 0 DHITRATE: 0
/u/s/i/sinclair/courses/cs552/spring2022/handouts/testprograms/public/rand_final/t_143_all.asm SUCCESS CPI:3.7 CYCLES:1952 ICOUNT:525 IHITRATE: 0 DHITRATE: 0
/u/s/i/sinclair/courses/cs552/spring2022/handouts/testprograms/public/rand_final/t_144_all.asm SUCCESS CPI:4.4 CYCLES:1923 ICOUNT:442 IHITRATE: 0 DHITRATE: 0
/u/s/i/sinclair/courses/cs552/spring2022/handouts/testprograms/public/rand_final/t_145_all.asm SUCCESS CPI:3.9 CYCLES:1780 ICOUNT:455 IHITRATE: 0 DHITRATE: 0
/u/s/i/sinclair/courses/cs552/spring2022/handouts/testprograms/public/rand_final/t_146_all.asm SUCCESS CPI:3.8 CYCLES:2381 ICOUNT:629 IHITRATE: 0 DHITRATE: 0
/u/s/i/sinclair/courses/cs552/spring2022/handouts/testprograms/public/rand_final/t_147_all.asm SUCCESS CPI:3.9 CYCLES:1793 ICOUNT:458 IHITRATE: 0 DHITRATE: 0
/u/s/i/sinclair/courses/cs552/spring2022/handouts/testprograms/public/rand_final/t_148_all.asm SUCCESS CPI:4.0 CYCLES:1871 ICOUNT:471 IHITRATE: 0 DHITRATE: 0
/u/s/i/sinclair/courses/cs552/spring2022/handouts/testprograms/public/rand_final/t_149_all.asm SUCCESS CPI:3.8 CYCLES:1767 ICOUNT:465 IHITRATE: 0 DHITRATE: 0
/u/s/i/sinclair/courses/cs552/spring2022/handouts/testprograms/public/rand_final/t_14_mem.asm SUCCESS CPI:4.6 CYCLES:2981 ICOUNT:648 IHITRATE: 0 DHITRATE: 0
/u/s/i/sinclair/courses/cs552/spring2022/handouts/testprograms/public/rand_final/t_150_all.asm SUCCESS CPI:3.9 CYCLES:2030 ICOUNT:524 IHITRATE: 0 DHITRATE: 0
/u/s/i/sinclair/courses/cs552/spring2022/handouts/testprograms/public/rand_final/t_15_mem.asm SUCCESS CPI:4.3 CYCLES:2944 ICOUNT:678 IHITRATE: 0 DHITRATE: 0
/u/s/i/sinclair/courses/cs552/spring2022/handouts/testprograms/public/rand_final/t_16_mem.asm SUCCESS CPI:4.4 CYCLES:2915 ICOUNT:660 IHITRATE: 0 DHITRATE: 0
/u/s/i/sinclair/courses/cs552/spring2022/handouts/testprograms/public/rand_final/t_17_mem.asm SUCCESS CPI:4.3 CYCLES:2993 ICOUNT:694 IHITRATE: 0 DHITRATE: 0
/u/s/i/sinclair/courses/cs552/spring2022/handouts/testprograms/public/rand_final/t_18_mem.asm SUCCESS CPI:4.4 CYCLES:2965 ICOUNT:679 IHITRATE: 0 DHITRATE: 0
/u/s/i/sinclair/courses/cs552/spring2022/handouts/testprograms/public/rand_final/t_19_mem.asm SUCCESS CPI:4.3 CYCLES:2923 ICOUNT:676 IHITRATE: 0 DHITRATE: 0
